


NVFORTRAN (Version    20.11)          02/16/2022  17:46:25      page 1

Switches: -noasm -nodclchk -debug -nodlines -line -list
          -idir .D[1]
          -idir .D[2]
          -idir .D[3]
          -idir .D[4]
          -idir .D[5]
          -idir .D[6]
          -idir .D[7]
          -idir .D[8]
          -idir .D[9]
          -idir .D[10]
          -idir .D[11]
          -idir .D[12]
          -idir .D[13]
          -idir .D[14]
          -idir .D[15]
          -idir .D[16]
          -idir .D[17]
          -idir /gpfslocalsup/spack_soft/openmpi/4.0.5/nvhpc-20.11-3li3t3xykfzndqfr4oxyhh22iqiendl2/include
          -idir /gpfslocalsup/spack_soft/openmpi/4.0.5/nvhpc-20.11-3li3t3xykfzndqfr4oxyhh22iqiendl2/lib
          -inform severe -opt 2 -nosave -object -noonetrip
          -depchk on -nostandard     
          -symbol -noupcase    

Filename: inv_trans_ctlad_mod.F90

(    1) MODULE INV_TRANS_CTLAD_MOD
(    2) CONTAINS
(    3) SUBROUTINE INV_TRANS_CTLAD(KF_UV_G,KF_SCALARS_G,KF_GP,KF_FS,KF_OUT_LT,&
(    4)  & KF_UV,KF_SCALARS,KF_SCDERS,&
(    5)  & PSPVOR,PSPDIV,PSPSCALAR,KVSETUV,KVSETSC,PGP,&
(    6)  & PSPSC3A,PSPSC3B,PSPSC2,KVSETSC3A,KVSETSC3B,KVSETSC2,PGPUV,PGP3A,PGP3B,PGP2)
(    7) 
(    8) !**** *INV_TRANS_CTLAD* - Control routine for inverse spectral transform adj.
(    9) 
(   10) !     Purpose.
(   11) !     --------
(   12) !        Control routine for the inverse spectral transform
(   13) 
(   14) !**   Interface.
(   15) !     ----------
(   16) !     CALL INV_TRANS_CTLAD(...)
(   17) 
(   18) !     Explicit arguments :
(   19) !     --------------------
(   20) !     KF_UV_G      - global number of spectral u-v fields
(   21) !     KF_SCALARS_G - global number of scalar spectral fields
(   22) !     KF_GP        - total number of output gridpoint fields
(   23) !     KF_FS        - total number of fields in fourier space
(   24) !     KF_OUT_LT    - total number of fields coming out from inverse LT
(   25) !     KF_UV        - local number of spectral u-v fields
(   26) !     KF_SCALARS   - local number of scalar spectral fields
(   27) !     KF_SCDERS    - local number of derivatives of scalar spectral fields
(   28) !     PSPVOR(:,:)  - spectral vorticity (input)
(   29) !     PSPDIV(:,:)  - spectral divergence (input)
(   30) !     PSPSCALAR(:,:) - spectral scalarvalued fields (input)
(   31) !     KVSETUV(:)  - indicating which 'b-set' in spectral space owns a
(   32) !                   vor/div field. Equivalant to NBSETLEV in the IFS.
(   33) !                   The length of KVSETUV should be the GLOBAL number






NVFORTRAN (Version    20.11)          02/16/2022  17:46:25      page 2

(   34) !                   of u/v fields which is the dimension of u and v releated
(   35) !                   fields in grid-point space.
(   36) !     KVESETSC(:) - indicating which 'b-set' in spectral space owns a
(   37) !                   scalar field. As for KVSETUV this argument is required
(   38) !                   if the total number of processors is greater than
(   39) !                   the number of processors used for distribution in
(   40) !                   spectral wave space.
(   41) !     PGP(:,:,:)  - gridpoint fields (output)
(   42) 
(   43) !                  The ordering of the output fields is as follows (all
(   44) !                  parts are optional depending on the input switches):
(   45) !
(   46) !       vorticity     : KF_UV_G fields
(   47) !       divergence    : KF_UV_G fields
(   48) !       u             : KF_UV_G fields
(   49) !       v             : KF_UV_G fields
(   50) !       scalar fields : KF_SCALARS_G fields
(   51) !       N-S derivative of scalar fields : KF_SCALARS_G fields
(   52) !       E-W derivative of u : KF_UV_G fields
(   53) !       E-W derivative of v : KF_UV_G fields
(   54) !       E-W derivative of scalar fields : KF_SCALARS_G fields
(   55) !
(   56) !     Method.
(   57) !     -------
(   58) 
(   59) !     Externals.  SHUFFLE     - reshuffle fields for load balancing
(   60) !     ----------  FIELD_SPLIT - split fields in NPROMATR packets
(   61) !                 LTINV_CTLAD   - control of Legendre transform
(   62) !                 FTINV_CTLAD   - control of Fourier transform
(   63) 
(   64) !     Author.
(   65) !     -------
(   66) !        Mats Hamrud *ECMWF*
(   67) 
(   68) !     Modifications.
(   69) !     --------------
(   70) !        Original : 01-01-03
(   71) 
(   72) !     ------------------------------------------------------------------
(   73) 
(   74) 
(   75) USE PARKIND1  ,ONLY : JPIM     ,JPRBT ,JPRB
(   76) 
(   77) USE TPM_GEN         ,ONLY : NPROMATR
(   78) USE TPM_TRANS       ,ONLY : LDIVGP, LSCDERS, LUVDER, LVORGP
(   79) !USE TPM_DISTR
(   80) 
(   81) USE SHUFFLE_MOD     ,ONLY : SHUFFLE
(   82) USE FIELD_SPLIT_MOD ,ONLY : FIELD_SPLIT
(   83) USE LTINV_CTLAD_MOD ,ONLY : LTINV_CTLAD
(   84) USE FTINV_CTLAD_MOD ,ONLY : FTINV_CTLAD
(   85) !
(   86) 
(   87) IMPLICIT NONE
(   88) 
(   89) ! Declaration of arguments
(   90) 
(   91) INTEGER(KIND=JPIM), INTENT(IN) :: KF_UV_G






NVFORTRAN (Version    20.11)          02/16/2022  17:46:25      page 3

(   92) INTEGER(KIND=JPIM), INTENT(IN) :: KF_SCALARS_G
(   93) INTEGER(KIND=JPIM), INTENT(IN) :: KF_GP
(   94) INTEGER(KIND=JPIM), INTENT(IN) :: KF_FS
(   95) INTEGER(KIND=JPIM), INTENT(IN) :: KF_OUT_LT
(   96) INTEGER(KIND=JPIM), INTENT(IN) :: KF_UV
(   97) INTEGER(KIND=JPIM), INTENT(IN) :: KF_SCALARS
(   98) INTEGER(KIND=JPIM), INTENT(IN) :: KF_SCDERS
(   99) REAL(KIND=JPRB)    ,OPTIONAL, INTENT(OUT) :: PSPVOR(:,:)
(  100) REAL(KIND=JPRB)    ,OPTIONAL, INTENT(OUT) :: PSPDIV(:,:)
(  101) REAL(KIND=JPRB)    ,OPTIONAL, INTENT(OUT) :: PSPSCALAR(:,:)
(  102) REAL(KIND=JPRB)    ,OPTIONAL, INTENT(OUT) :: PSPSC3A(:,:,:)
(  103) REAL(KIND=JPRB)    ,OPTIONAL, INTENT(OUT) :: PSPSC3B(:,:,:)
(  104) REAL(KIND=JPRB)    ,OPTIONAL, INTENT(OUT) :: PSPSC2(:,:)
(  105) INTEGER(KIND=JPIM) ,OPTIONAL, INTENT(IN)  :: KVSETUV(:)
(  106) INTEGER(KIND=JPIM) ,OPTIONAL, INTENT(IN)  :: KVSETSC(:)
(  107) INTEGER(KIND=JPIM) ,OPTIONAL, INTENT(IN)  :: KVSETSC3A(:)
(  108) INTEGER(KIND=JPIM) ,OPTIONAL, INTENT(IN)  :: KVSETSC3B(:)
(  109) INTEGER(KIND=JPIM) ,OPTIONAL, INTENT(IN)  :: KVSETSC2(:)
(  110) REAL(KIND=JPRB)    ,OPTIONAL, INTENT(IN)  :: PGP(:,:,:)
(  111) REAL(KIND=JPRB)    ,OPTIONAL, INTENT(IN)  :: PGPUV(:,:,:,:)
(  112) REAL(KIND=JPRB)    ,OPTIONAL, INTENT(IN)  :: PGP3A(:,:,:,:)
(  113) REAL(KIND=JPRB)    ,OPTIONAL, INTENT(IN)  :: PGP3B(:,:,:,:)
(  114) REAL(KIND=JPRB)    ,OPTIONAL, INTENT(IN)  :: PGP2(:,:,:)
(  115) 
(  116) ! Local variables
(  117) 
(  118) INTEGER(KIND=JPIM) :: IPTRGP(KF_GP),IPTRSPUV(NPROMATR),IPTRSPSC(NPROMATR)
(  119) INTEGER(KIND=JPIM) :: ISHFUV_G(KF_GP),ISHFSC_G(KF_GP)
(  120) INTEGER(KIND=JPIM) :: IVSETUV(KF_GP),IVSETSC(KF_GP)
(  121) INTEGER(KIND=JPIM) :: IBLKS,JBLK,ISTUV_G,IENUV_G
(  122) INTEGER(KIND=JPIM) :: IF_UV_G,IF_UV,ISTUV,IF_SCALARS,IF_SCALARS_G,IF_FS,IF_GP
(  123) INTEGER(KIND=JPIM) :: JFLD,ISTSC_G,IENSC_G,ISTSC,IENSC,IENUV,IF_SCDERS,IF_OUT_LT
(  124) INTEGER(KIND=JPIM) :: IOFFD,IOFFU,IOFFV,IOFFUVD,IOFFSC,IOFFSCNS,IOFFSCEW,IOFF,IF_GPB
(  125) 
(  126) !     ------------------------------------------------------------------
(  127) 
(  128) ! Perform transform
(  129) 
(  130) 
(  131) IF_GPB = 2*KF_UV_G+KF_SCALARS_G
(  132) IF(NPROMATR > 0 .AND. IF_GPB > NPROMATR) THEN
(  133) 
(  134)   ! Fields to be split into packets
(  135) 
(  136)   CALL SHUFFLE(KF_UV_G,KF_SCALARS_G,ISHFUV_G,IVSETUV,ISHFSC_G,IVSETSC,&
(  137)  & KVSETUV,KVSETSC)
(  138) 
(  139)   IBLKS=(IF_GPB-1)/NPROMATR+1
(  140) 
(  141)   DO JBLK=1,IBLKS
(  142)   
(  143)     CALL FIELD_SPLIT(JBLK,IF_GPB,KF_UV_G,IVSETUV,IVSETSC,&
(  144)      & ISTUV_G,IENUV_G,IF_UV_G,ISTSC_G,IENSC_G,IF_SCALARS_G,&
(  145)      & ISTUV,IENUV,IF_UV,ISTSC,IENSC,IF_SCALARS)
(  146) 
(  147)     IF(LSCDERS) THEN
(  148)       IF_SCDERS = IF_SCALARS
(  149)     ELSE






NVFORTRAN (Version    20.11)          02/16/2022  17:46:25      page 4

(  150)       IF_SCDERS = 0
(  151)     ENDIF
(  152)         
(  153)     IF_OUT_LT = 2*IF_UV + IF_SCALARS+IF_SCDERS
(  154)     IF(LVORGP) THEN
(  155)       IF_OUT_LT = IF_OUT_LT+IF_UV
(  156)     ENDIF
(  157)     IF(LDIVGP) THEN
(  158)       IF_OUT_LT = IF_OUT_LT+IF_UV
(  159)     ENDIF
(  160)     IF_FS = IF_OUT_LT+IF_SCDERS
(  161)     IF(LUVDER) THEN
(  162)       IF_FS = IF_FS+2*IF_UV
(  163)     ENDIF
(  164) 
(  165)     IF_GP = 2*IF_UV_G+IF_SCALARS_G
(  166)     IOFFD = 0
(  167)     IOFFU = 0
(  168)     IOFFV = KF_UV_G
(  169)     IOFFUVD = 2*KF_UV_G+KF_SCALARS_G
(  170)     IOFFSC = 2*KF_UV_G
(  171)     IF(LVORGP) THEN
(  172)       IF_GP = IF_GP+IF_UV_G
(  173)       IOFFD = KF_UV_G
(  174)       IOFFU = IOFFU+KF_UV_G
(  175)       IOFFV = IOFFV+KF_UV_G
(  176)       IOFFUVD =IOFFUVD+KF_UV_G
(  177)       IOFFSC = IOFFSC+KF_UV_G
(  178)     ENDIF
(  179)     IF(LDIVGP) THEN
(  180)       IF_GP = IF_GP+IF_UV_G
(  181)       IOFFU = IOFFU+KF_UV_G
(  182)       IOFFV = IOFFV+KF_UV_G
(  183)       IOFFUVD =IOFFUVD+KF_UV_G
(  184)       IOFFSC = IOFFSC+KF_UV_G
(  185)     ENDIF
(  186)     IF(LSCDERS) THEN
(  187)       IF_GP  = IF_GP+2*IF_SCALARS_G
(  188)       IOFFUVD =IOFFUVD+KF_SCALARS_G
(  189)       IOFFSCNS = IOFFSC+KF_SCALARS_G
(  190)       IOFFSCEW = IOFFSC+2*KF_SCALARS_G
(  191)     ENDIF
(  192)     IF(LUVDER) THEN
(  193)       IF_GP = IF_GP+2*IF_UV_G
(  194)       IOFFSCEW = IOFFSCEW+2*KF_UV_G
(  195)     ENDIF
(  196) 
(  197)     DO JFLD=1,IF_UV_G
(  198)       IOFF = 0
(  199)       IF(LVORGP) THEN
(  200)         IPTRGP(JFLD+IOFF) = ISHFUV_G(ISTUV_G+JFLD-1)
(  201)         IOFF = IOFF+IF_UV_G
(  202)       ENDIF
(  203)       IF(LDIVGP) THEN
(  204)         IPTRGP(JFLD+IOFF) = IOFFD+ISHFUV_G(ISTUV_G+JFLD-1)
(  205)         IOFF = IOFF+IF_UV_G
(  206)       ENDIF
(  207)       IPTRGP(JFLD+IOFF) = IOFFU+ISHFUV_G(ISTUV_G+JFLD-1)






NVFORTRAN (Version    20.11)          02/16/2022  17:46:25      page 5

(  208)       IOFF = IOFF+IF_UV_G
(  209)       IPTRGP(JFLD+IOFF) = IOFFV+ISHFUV_G(ISTUV_G+JFLD-1)
(  210)       IOFF = IOFF+IF_UV_G+IF_SCALARS_G
(  211)       IF(LSCDERS) THEN
(  212)         IOFF  = IOFF+IF_SCALARS_G
(  213)       ENDIF
(  214)       IF(LUVDER) THEN
(  215)         IPTRGP(JFLD+IOFF) = IOFFUVD+ISHFUV_G(ISTUV_G+JFLD-1)
(  216)         IOFF = IOFF+IF_UV_G
(  217)         IPTRGP(JFLD+IOFF) = IOFFUVD+KF_UV_G+ISHFUV_G(ISTUV_G+JFLD-1)
(  218)       ENDIF
(  219)     ENDDO
(  220) 
(  221)     DO JFLD=1,IF_SCALARS_G
(  222)       IOFF = 2*IF_UV_G
(  223)       IF (LVORGP) IOFF = IOFF+IF_UV_G
(  224)       IF (LDIVGP) IOFF = IOFF+IF_UV_G
(  225)       IPTRGP(JFLD+IOFF) = IOFFSC+ISHFSC_G(ISTSC_G+JFLD-1)
(  226)       IOFF = IOFF+IF_SCALARS_G
(  227)       IF(LSCDERS) THEN
(  228)         IPTRGP(JFLD+IOFF) = IOFFSCNS+ISHFSC_G(ISTSC_G+JFLD-1)
(  229)         IOFF  = IOFF+IF_SCALARS_G
(  230)         IF(LUVDER) THEN
(  231)           IOFF  = IOFF+2*IF_UV_G
(  232)         ENDIF
(  233)         IPTRGP(JFLD+IOFF) = IOFFSCEW+ISHFSC_G(ISTSC_G+JFLD-1)
(  234)       ENDIF
(  235)     ENDDO
(  236)     DO JFLD=1,IF_UV
(  237)       IPTRSPUV(JFLD) = ISTUV+JFLD-1
(  238)     ENDDO
(  239)     DO JFLD=1,IF_SCALARS
(  240)       IPTRSPSC(JFLD) = ISTSC+JFLD-1
(  241)     ENDDO
(  242) 
(  243)     IF(IF_UV_G > 0 .AND. IF_SCALARS_G > 0) THEN
(  244)       CALL FTINV_CTLAD(IF_UV_G,IF_SCALARS_G,&
(  245)        & IF_UV,IF_SCALARS,IF_SCDERS,IF_GP,IF_FS,IF_OUT_LT,&
(  246)        & KVSETUV=IVSETUV(ISTUV_G:IENUV_G),&
(  247)        & KVSETSC=IVSETSC(ISTSC_G:IENSC_G),KPTRGP=IPTRGP,&
(  248)        & PGP=PGP)
(  249)    ELSEIF(IF_UV_G > 0) THEN
(  250)       CALL FTINV_CTLAD(IF_UV_G,IF_SCALARS_G,&
(  251)        & IF_UV,IF_SCALARS,IF_SCDERS,IF_GP,IF_FS,IF_OUT_LT,&
(  252)        & KVSETUV=IVSETUV(ISTUV_G:IENUV_G),&
(  253)        & KPTRGP=IPTRGP,&
(  254)        & PGP=PGP)
(  255)     ELSEIF(IF_SCALARS_G > 0) THEN
(  256)       CALL FTINV_CTLAD(IF_UV_G,IF_SCALARS_G,&
(  257)        & IF_UV,IF_SCALARS,IF_SCDERS,IF_GP,IF_FS,IF_OUT_LT,&
(  258)        & KVSETSC=IVSETSC(ISTSC_G:IENSC_G),KPTRGP=IPTRGP,&
(  259)        & PGP=PGP)
(  260)     ENDIF
(  261)     CALL LTINV_CTLAD(IF_OUT_LT,IF_UV,IF_SCALARS,IF_SCDERS, &
(  262)      & PSPVOR=PSPVOR,PSPDIV=PSPDIV,PSPSCALAR=PSPSCALAR,&
(  263)      & KFLDPTRUV=IPTRSPUV,KFLDPTRSC=IPTRSPSC)
(  264)     
(  265)   ENDDO






NVFORTRAN (Version    20.11)          02/16/2022  17:46:25      page 6

(  266) 
(  267) ELSE
(  268) 
(  269)   ! No splitting of fields, transform done in one go
(  270) 
(  271)   CALL FTINV_CTLAD(KF_UV_G,KF_SCALARS_G,&
(  272)    & KF_UV,KF_SCALARS,KF_SCDERS,KF_GP,KF_FS,KF_OUT_LT,&
(  273)    & KVSETUV=KVSETUV,KVSETSC=KVSETSC,&
(  274)    & KVSETSC3A=KVSETSC3A,KVSETSC3B=KVSETSC3B,KVSETSC2=KVSETSC2,&
(  275)    & PGP=PGP,PGPUV=PGPUV,PGP3A=PGP3A,PGP3B=PGP3B,PGP2=PGP2)
(  276) 
(  277)   CALL LTINV_CTLAD(KF_OUT_LT,KF_UV,KF_SCALARS,KF_SCDERS, &
(  278)    &PSPVOR=PSPVOR,PSPDIV=PSPDIV,PSPSCALAR=PSPSCALAR,&
(  279)    &PSPSC3A=PSPSC3A,PSPSC3B=PSPSC3B,PSPSC2=PSPSC2)
(  280)  
(  281) ENDIF
(  282) 
(  283) !     ------------------------------------------------------------------
(  284) 
(  285) END SUBROUTINE INV_TRANS_CTLAD
(  286) END MODULE INV_TRANS_CTLAD_MOD











































NVFORTRAN (Version    20.11)          02/16/2022  17:46:25      page 7

(    1) # 1 "inv_trans_ctlad_mod.F90"
(    1) MODULE INV_TRANS_CTLAD_MOD
(    2) CONTAINS
(    3) SUBROUTINE INV_TRANS_CTLAD(KF_UV_G,KF_SCALARS_G,KF_GP,KF_FS,KF_OUT_LT,&
(    4)  & KF_UV,KF_SCALARS,KF_SCDERS,&
(    5)  & PSPVOR,PSPDIV,PSPSCALAR,KVSETUV,KVSETSC,PGP,&
(    6)  & PSPSC3A,PSPSC3B,PSPSC2,KVSETSC3A,KVSETSC3B,KVSETSC2,PGPUV,PGP3A,PGP3B,PGP2)
(    7) # 8 "inv_trans_ctlad_mod.F90"
(    8) !**** *INV_TRANS_CTLAD* - Control routine for inverse spectral transform adj.
(    9) # 10 "inv_trans_ctlad_mod.F90"
(   10) !     Purpose.
(   11) !     --------
(   12) !        Control routine for the inverse spectral transform
(   13) # 14 "inv_trans_ctlad_mod.F90"
(   14) !**   Interface.
(   15) !     ----------
(   16) !     CALL INV_TRANS_CTLAD(...)
(   17) # 18 "inv_trans_ctlad_mod.F90"
(   18) !     Explicit arguments :
(   19) !     --------------------
(   20) !     KF_UV_G      - global number of spectral u-v fields
(   21) !     KF_SCALARS_G - global number of scalar spectral fields
(   22) !     KF_GP        - total number of output gridpoint fields
(   23) !     KF_FS        - total number of fields in fourier space
(   24) !     KF_OUT_LT    - total number of fields coming out from inverse LT
(   25) !     KF_UV        - local number of spectral u-v fields
(   26) !     KF_SCALARS   - local number of scalar spectral fields
(   27) !     KF_SCDERS    - local number of derivatives of scalar spectral fields
(   28) !     PSPVOR(:,:)  - spectral vorticity (input)
(   29) !     PSPDIV(:,:)  - spectral divergence (input)
(   30) !     PSPSCALAR(:,:) - spectral scalarvalued fields (input)
(   31) !     KVSETUV(:)  - indicating which 'b-set' in spectral space owns a
(   32) !                   vor/div field. Equivalant to NBSETLEV in the IFS.
(   33) !                   The length of KVSETUV should be the GLOBAL number
(   34) !                   of u/v fields which is the dimension of u and v releated
(   35) !                   fields in grid-point space.
(   36) !     KVESETSC(:) - indicating which 'b-set' in spectral space owns a
(   37) !                   scalar field. As for KVSETUV this argument is required
(   38) !                   if the total number of processors is greater than
(   39) !                   the number of processors used for distribution in
(   40) !                   spectral wave space.
(   41) !     PGP(:,:,:)  - gridpoint fields (output)
(   42) # 43 "inv_trans_ctlad_mod.F90"
(   43) !                  The ordering of the output fields is as follows (all
(   44) !                  parts are optional depending on the input switches):
(   45) !
(   46) !       vorticity     : KF_UV_G fields
(   47) !       divergence    : KF_UV_G fields
(   48) !       u             : KF_UV_G fields
(   49) !       v             : KF_UV_G fields
(   50) !       scalar fields : KF_SCALARS_G fields
(   51) !       N-S derivative of scalar fields : KF_SCALARS_G fields
(   52) !       E-W derivative of u : KF_UV_G fields
(   53) !       E-W derivative of v : KF_UV_G fields
(   54) !       E-W derivative of scalar fields : KF_SCALARS_G fields
(   55) !
(   56) !     Method.
(   57) !     -------






NVFORTRAN (Version    20.11)          02/16/2022  17:46:25      page 8

(   58) # 59 "inv_trans_ctlad_mod.F90"
(   59) !     Externals.  SHUFFLE     - reshuffle fields for load balancing
(   60) !     ----------  FIELD_SPLIT - split fields in NPROMATR packets
(   61) !                 LTINV_CTLAD   - control of Legendre transform
(   62) !                 FTINV_CTLAD   - control of Fourier transform
(   63) # 64 "inv_trans_ctlad_mod.F90"
(   64) !     Author.
(   65) !     -------
(   66) !        Mats Hamrud *ECMWF*
(   67) # 68 "inv_trans_ctlad_mod.F90"
(   68) !     Modifications.
(   69) !     --------------
(   70) !        Original : 01-01-03
(   71) # 72 "inv_trans_ctlad_mod.F90"
(   72) !     ------------------------------------------------------------------
(   73) # 75 "inv_trans_ctlad_mod.F90"
(   75) USE PARKIND1  ,ONLY : JPIM     ,JPRBT ,JPRB
(   76) # 77 "inv_trans_ctlad_mod.F90"
(   77) USE TPM_GEN         ,ONLY : NPROMATR
(   78) USE TPM_TRANS       ,ONLY : LDIVGP, LSCDERS, LUVDER, LVORGP
(   79) !USE TPM_DISTR
(   80) # 81 "inv_trans_ctlad_mod.F90"
(   81) USE SHUFFLE_MOD     ,ONLY : SHUFFLE
(   82) USE FIELD_SPLIT_MOD ,ONLY : FIELD_SPLIT
(   83) USE LTINV_CTLAD_MOD ,ONLY : LTINV_CTLAD
(   84) USE FTINV_CTLAD_MOD ,ONLY : FTINV_CTLAD
(   85) !
(   86) # 87 "inv_trans_ctlad_mod.F90"
(   87) IMPLICIT NONE
(   88) # 89 "inv_trans_ctlad_mod.F90"
(   89) ! Declaration of arguments
(   90) # 91 "inv_trans_ctlad_mod.F90"
(   91) INTEGER(KIND=JPIM), INTENT(IN) :: KF_UV_G
(   92) INTEGER(KIND=JPIM), INTENT(IN) :: KF_SCALARS_G
(   93) INTEGER(KIND=JPIM), INTENT(IN) :: KF_GP
(   94) INTEGER(KIND=JPIM), INTENT(IN) :: KF_FS
(   95) INTEGER(KIND=JPIM), INTENT(IN) :: KF_OUT_LT
(   96) INTEGER(KIND=JPIM), INTENT(IN) :: KF_UV
(   97) INTEGER(KIND=JPIM), INTENT(IN) :: KF_SCALARS
(   98) INTEGER(KIND=JPIM), INTENT(IN) :: KF_SCDERS
(   99) REAL(KIND=JPRB)    ,OPTIONAL, INTENT(OUT) :: PSPVOR(:,:)
(  100) REAL(KIND=JPRB)    ,OPTIONAL, INTENT(OUT) :: PSPDIV(:,:)
(  101) REAL(KIND=JPRB)    ,OPTIONAL, INTENT(OUT) :: PSPSCALAR(:,:)
(  102) REAL(KIND=JPRB)    ,OPTIONAL, INTENT(OUT) :: PSPSC3A(:,:,:)
(  103) REAL(KIND=JPRB)    ,OPTIONAL, INTENT(OUT) :: PSPSC3B(:,:,:)
(  104) REAL(KIND=JPRB)    ,OPTIONAL, INTENT(OUT) :: PSPSC2(:,:)
(  105) INTEGER(KIND=JPIM) ,OPTIONAL, INTENT(IN)  :: KVSETUV(:)
(  106) INTEGER(KIND=JPIM) ,OPTIONAL, INTENT(IN)  :: KVSETSC(:)
(  107) INTEGER(KIND=JPIM) ,OPTIONAL, INTENT(IN)  :: KVSETSC3A(:)
(  108) INTEGER(KIND=JPIM) ,OPTIONAL, INTENT(IN)  :: KVSETSC3B(:)
(  109) INTEGER(KIND=JPIM) ,OPTIONAL, INTENT(IN)  :: KVSETSC2(:)
(  110) REAL(KIND=JPRB)    ,OPTIONAL, INTENT(IN)  :: PGP(:,:,:)
(  111) REAL(KIND=JPRB)    ,OPTIONAL, INTENT(IN)  :: PGPUV(:,:,:,:)
(  112) REAL(KIND=JPRB)    ,OPTIONAL, INTENT(IN)  :: PGP3A(:,:,:,:)
(  113) REAL(KIND=JPRB)    ,OPTIONAL, INTENT(IN)  :: PGP3B(:,:,:,:)
(  114) REAL(KIND=JPRB)    ,OPTIONAL, INTENT(IN)  :: PGP2(:,:,:)
(  115) # 116 "inv_trans_ctlad_mod.F90"
(  116) ! Local variables






NVFORTRAN (Version    20.11)          02/16/2022  17:46:25      page 9

(  117) # 118 "inv_trans_ctlad_mod.F90"
(  118) INTEGER(KIND=JPIM) :: IPTRGP(KF_GP),IPTRSPUV(NPROMATR),IPTRSPSC(NPROMATR)
(  119) INTEGER(KIND=JPIM) :: ISHFUV_G(KF_GP),ISHFSC_G(KF_GP)
(  120) INTEGER(KIND=JPIM) :: IVSETUV(KF_GP),IVSETSC(KF_GP)
(  121) INTEGER(KIND=JPIM) :: IBLKS,JBLK,ISTUV_G,IENUV_G
(  122) INTEGER(KIND=JPIM) :: IF_UV_G,IF_UV,ISTUV,IF_SCALARS,IF_SCALARS_G,IF_FS,IF_GP
(  123) INTEGER(KIND=JPIM) :: JFLD,ISTSC_G,IENSC_G,ISTSC,IENSC,IENUV,IF_SCDERS,IF_OUT_LT
(  124) INTEGER(KIND=JPIM) :: IOFFD,IOFFU,IOFFV,IOFFUVD,IOFFSC,IOFFSCNS,IOFFSCEW,IOFF,IF_GPB
(  125) # 126 "inv_trans_ctlad_mod.F90"
(  126) !     ------------------------------------------------------------------
(  127) # 128 "inv_trans_ctlad_mod.F90"
(  128) ! Perform transform
(  129) # 131 "inv_trans_ctlad_mod.F90"
(  131) IF_GPB = 2*KF_UV_G+KF_SCALARS_G
(  132) IF(NPROMATR > 0 .AND. IF_GPB > NPROMATR) THEN
(  133) # 134 "inv_trans_ctlad_mod.F90"
(  134)   ! Fields to be split into packets
(  135) # 136 "inv_trans_ctlad_mod.F90"
(  136)   CALL SHUFFLE(KF_UV_G,KF_SCALARS_G,ISHFUV_G,IVSETUV,ISHFSC_G,IVSETSC,&
(  137)  & KVSETUV,KVSETSC)
(  138) # 139 "inv_trans_ctlad_mod.F90"
(  139)   IBLKS=(IF_GPB-1)/NPROMATR+1
(  140) # 141 "inv_trans_ctlad_mod.F90"
(  141)   DO JBLK=1,IBLKS
(  142)   
(  143)     CALL FIELD_SPLIT(JBLK,IF_GPB,KF_UV_G,IVSETUV,IVSETSC,&
(  144)      & ISTUV_G,IENUV_G,IF_UV_G,ISTSC_G,IENSC_G,IF_SCALARS_G,&
(  145)      & ISTUV,IENUV,IF_UV,ISTSC,IENSC,IF_SCALARS)
(  146) # 147 "inv_trans_ctlad_mod.F90"
(  147)     IF(LSCDERS) THEN
(  148)       IF_SCDERS = IF_SCALARS
(  149)     ELSE
(  150)       IF_SCDERS = 0
(  151)     ENDIF
(  152)         
(  153)     IF_OUT_LT = 2*IF_UV + IF_SCALARS+IF_SCDERS
(  154)     IF(LVORGP) THEN
(  155)       IF_OUT_LT = IF_OUT_LT+IF_UV
(  156)     ENDIF
(  157)     IF(LDIVGP) THEN
(  158)       IF_OUT_LT = IF_OUT_LT+IF_UV
(  159)     ENDIF
(  160)     IF_FS = IF_OUT_LT+IF_SCDERS
(  161)     IF(LUVDER) THEN
(  162)       IF_FS = IF_FS+2*IF_UV
(  163)     ENDIF
(  164) # 165 "inv_trans_ctlad_mod.F90"
(  165)     IF_GP = 2*IF_UV_G+IF_SCALARS_G
(  166)     IOFFD = 0
(  167)     IOFFU = 0
(  168)     IOFFV = KF_UV_G
(  169)     IOFFUVD = 2*KF_UV_G+KF_SCALARS_G
(  170)     IOFFSC = 2*KF_UV_G
(  171)     IF(LVORGP) THEN
(  172)       IF_GP = IF_GP+IF_UV_G
(  173)       IOFFD = KF_UV_G
(  174)       IOFFU = IOFFU+KF_UV_G
(  175)       IOFFV = IOFFV+KF_UV_G






NVFORTRAN (Version    20.11)          02/16/2022  17:46:25      page 10

(  176)       IOFFUVD =IOFFUVD+KF_UV_G
(  177)       IOFFSC = IOFFSC+KF_UV_G
(  178)     ENDIF
(  179)     IF(LDIVGP) THEN
(  180)       IF_GP = IF_GP+IF_UV_G
(  181)       IOFFU = IOFFU+KF_UV_G
(  182)       IOFFV = IOFFV+KF_UV_G
(  183)       IOFFUVD =IOFFUVD+KF_UV_G
(  184)       IOFFSC = IOFFSC+KF_UV_G
(  185)     ENDIF
(  186)     IF(LSCDERS) THEN
(  187)       IF_GP  = IF_GP+2*IF_SCALARS_G
(  188)       IOFFUVD =IOFFUVD+KF_SCALARS_G
(  189)       IOFFSCNS = IOFFSC+KF_SCALARS_G
(  190)       IOFFSCEW = IOFFSC+2*KF_SCALARS_G
(  191)     ENDIF
(  192)     IF(LUVDER) THEN
(  193)       IF_GP = IF_GP+2*IF_UV_G
(  194)       IOFFSCEW = IOFFSCEW+2*KF_UV_G
(  195)     ENDIF
(  196) # 197 "inv_trans_ctlad_mod.F90"
(  197)     DO JFLD=1,IF_UV_G
(  198)       IOFF = 0
(  199)       IF(LVORGP) THEN
(  200)         IPTRGP(JFLD+IOFF) = ISHFUV_G(ISTUV_G+JFLD-1)
(  201)         IOFF = IOFF+IF_UV_G
(  202)       ENDIF
(  203)       IF(LDIVGP) THEN
(  204)         IPTRGP(JFLD+IOFF) = IOFFD+ISHFUV_G(ISTUV_G+JFLD-1)
(  205)         IOFF = IOFF+IF_UV_G
(  206)       ENDIF
(  207)       IPTRGP(JFLD+IOFF) = IOFFU+ISHFUV_G(ISTUV_G+JFLD-1)
(  208)       IOFF = IOFF+IF_UV_G
(  209)       IPTRGP(JFLD+IOFF) = IOFFV+ISHFUV_G(ISTUV_G+JFLD-1)
(  210)       IOFF = IOFF+IF_UV_G+IF_SCALARS_G
(  211)       IF(LSCDERS) THEN
(  212)         IOFF  = IOFF+IF_SCALARS_G
(  213)       ENDIF
(  214)       IF(LUVDER) THEN
(  215)         IPTRGP(JFLD+IOFF) = IOFFUVD+ISHFUV_G(ISTUV_G+JFLD-1)
(  216)         IOFF = IOFF+IF_UV_G
(  217)         IPTRGP(JFLD+IOFF) = IOFFUVD+KF_UV_G+ISHFUV_G(ISTUV_G+JFLD-1)
(  218)       ENDIF
(  219)     ENDDO
(  220) # 221 "inv_trans_ctlad_mod.F90"
(  221)     DO JFLD=1,IF_SCALARS_G
(  222)       IOFF = 2*IF_UV_G
(  223)       IF (LVORGP) IOFF = IOFF+IF_UV_G
(  224)       IF (LDIVGP) IOFF = IOFF+IF_UV_G
(  225)       IPTRGP(JFLD+IOFF) = IOFFSC+ISHFSC_G(ISTSC_G+JFLD-1)
(  226)       IOFF = IOFF+IF_SCALARS_G
(  227)       IF(LSCDERS) THEN
(  228)         IPTRGP(JFLD+IOFF) = IOFFSCNS+ISHFSC_G(ISTSC_G+JFLD-1)
(  229)         IOFF  = IOFF+IF_SCALARS_G
(  230)         IF(LUVDER) THEN
(  231)           IOFF  = IOFF+2*IF_UV_G
(  232)         ENDIF
(  233)         IPTRGP(JFLD+IOFF) = IOFFSCEW+ISHFSC_G(ISTSC_G+JFLD-1)






NVFORTRAN (Version    20.11)          02/16/2022  17:46:25      page 11

(  234)       ENDIF
(  235)     ENDDO
(  236)     DO JFLD=1,IF_UV
(  237)       IPTRSPUV(JFLD) = ISTUV+JFLD-1
(  238)     ENDDO
(  239)     DO JFLD=1,IF_SCALARS
(  240)       IPTRSPSC(JFLD) = ISTSC+JFLD-1
(  241)     ENDDO
(  242) # 243 "inv_trans_ctlad_mod.F90"
(  243)     IF(IF_UV_G > 0 .AND. IF_SCALARS_G > 0) THEN
(  244)       CALL FTINV_CTLAD(IF_UV_G,IF_SCALARS_G,&
(  245)        & IF_UV,IF_SCALARS,IF_SCDERS,IF_GP,IF_FS,IF_OUT_LT,&
(  246)        & KVSETUV=IVSETUV(ISTUV_G:IENUV_G),&
(  247)        & KVSETSC=IVSETSC(ISTSC_G:IENSC_G),KPTRGP=IPTRGP,&
(  248)        & PGP=PGP)
(  249)    ELSEIF(IF_UV_G > 0) THEN
(  250)       CALL FTINV_CTLAD(IF_UV_G,IF_SCALARS_G,&
(  251)        & IF_UV,IF_SCALARS,IF_SCDERS,IF_GP,IF_FS,IF_OUT_LT,&
(  252)        & KVSETUV=IVSETUV(ISTUV_G:IENUV_G),&
(  253)        & KPTRGP=IPTRGP,&
(  254)        & PGP=PGP)
(  255)     ELSEIF(IF_SCALARS_G > 0) THEN
(  256)       CALL FTINV_CTLAD(IF_UV_G,IF_SCALARS_G,&
(  257)        & IF_UV,IF_SCALARS,IF_SCDERS,IF_GP,IF_FS,IF_OUT_LT,&
(  258)        & KVSETSC=IVSETSC(ISTSC_G:IENSC_G),KPTRGP=IPTRGP,&
(  259)        & PGP=PGP)
(  260)     ENDIF
(  261)     CALL LTINV_CTLAD(IF_OUT_LT,IF_UV,IF_SCALARS,IF_SCDERS, &
(  262)      & PSPVOR=PSPVOR,PSPDIV=PSPDIV,PSPSCALAR=PSPSCALAR,&
(  263)      & KFLDPTRUV=IPTRSPUV,KFLDPTRSC=IPTRSPSC)
(  264)     
(  265)   ENDDO
(  266) # 267 "inv_trans_ctlad_mod.F90"
(  267) ELSE
(  268) # 269 "inv_trans_ctlad_mod.F90"
(  269)   ! No splitting of fields, transform done in one go
(  270) # 271 "inv_trans_ctlad_mod.F90"
(  271)   CALL FTINV_CTLAD(KF_UV_G,KF_SCALARS_G,&
(  272)    & KF_UV,KF_SCALARS,KF_SCDERS,KF_GP,KF_FS,KF_OUT_LT,&
(  273)    & KVSETUV=KVSETUV,KVSETSC=KVSETSC,&
(  274)    & KVSETSC3A=KVSETSC3A,KVSETSC3B=KVSETSC3B,KVSETSC2=KVSETSC2,&
(  275)    & PGP=PGP,PGPUV=PGPUV,PGP3A=PGP3A,PGP3B=PGP3B,PGP2=PGP2)
(  276) # 277 "inv_trans_ctlad_mod.F90"
(  277)   CALL LTINV_CTLAD(KF_OUT_LT,KF_UV,KF_SCALARS,KF_SCDERS, &
(  278)    &PSPVOR=PSPVOR,PSPDIV=PSPDIV,PSPSCALAR=PSPSCALAR,&
(  279)    &PSPSC3A=PSPSC3A,PSPSC3B=PSPSC3B,PSPSC2=PSPSC2)
(  280)  
(  281) ENDIF
(  282) # 283 "inv_trans_ctlad_mod.F90"
(  283) !     ------------------------------------------------------------------
(  284) # 285 "inv_trans_ctlad_mod.F90"
(  285) END SUBROUTINE INV_TRANS_CTLAD
(  286) END MODULE INV_TRANS_CTLAD_MOD
