


NVFORTRAN (Version    20.11)          02/16/2022  17:29:32      page 1

Switches: -noasm -nodclchk -debug -nodlines -line -list
          -idir .D[1]
          -idir .D[2]
          -idir .D[3]
          -idir .D[4]
          -idir .D[5]
          -idir .D[6]
          -idir .D[7]
          -idir .D[8]
          -idir .D[9]
          -idir .D[10]
          -idir .D[11]
          -idir .D[12]
          -idir .D[13]
          -idir .D[14]
          -idir .D[15]
          -idir .D[16]
          -idir .D[17]
          -idir .D[18]
          -idir .D[19]
          -idir /gpfslocalsup/spack_soft/openmpi/4.0.5/nvhpc-20.11-3li3t3xykfzndqfr4oxyhh22iqiendl2/include
          -idir /gpfslocalsup/spack_soft/openmpi/4.0.5/nvhpc-20.11-3li3t3xykfzndqfr4oxyhh22iqiendl2/lib
          -inform severe -opt 2 -nosave -object -noonetrip
          -depchk on -nostandard     
          -symbol -noupcase    

Filename: myrecvset_mod.F90

(    1) MODULE MYRECVSET_MOD
(    2) CONTAINS
(    3) FUNCTION MYRECVSET(KSETS,KMYSET,KSET)
(    4) 
(    5) 
(    6) !**** *MYRECVSET* RETURNS SET NUMBER TO SEND TO
(    7) 
(    8) !     Purpose.
(    9) !     --------
(   10) !
(   11) 
(   12) !**   Interface.
(   13) !     ----------
(   14) !        ISENDSET = MYRECVSET(KSETS,KMYSET,KSET)
(   15) 
(   16) !        Explicit arguments :
(   17) !        --------------------
(   18) !                  input:   KSETS
(   19) 
(   20) !        Implicit arguments :  NONE
(   21) !        --------------------
(   22) !     Method.
(   23) !     -------
(   24) 
(   25) !
(   26) 
(   27) !     Externals.
(   28) !     ----------
(   29) !         NONE
(   30) 
(   31) !     Reference.






NVFORTRAN (Version    20.11)          02/16/2022  17:29:32      page 2

(   32) !     ----------
(   33) !        ECMWF Research Department documentation of the IFS
(   34) 
(   35) !     Author.
(   36) !     -------
(   37) !        Mats Hamrud *ECMWF*
(   38) 
(   39) !     Modifications.
(   40) !     --------------
(   41) !        Original : 00-02-03
(   42) 
(   43) !     ------------------------------------------------------------------
(   44) 
(   45) USE PARKIND1  ,ONLY : JPIM     ,JPRBT
(   46) USE ABORT_TRANS_MOD ,ONLY : ABORT_TRANS
(   47) !
(   48) 
(   49) IMPLICIT NONE
(   50) INTEGER(KIND=JPIM) :: MYRECVSET
(   51) INTEGER(KIND=JPIM),INTENT(IN)  :: KSETS,KMYSET,KSET
(   52) 
(   53) 
(   54) !     ------------------------------------------------------------------
(   55) 
(   56) !*       1.    Check input argument for validity
(   57) !              ---------------------------------
(   58) 
(   59) IF(KSETS < 1 .OR. KMYSET > KSETS .OR. KSET > KSETS-1) THEN
(   60) 
(   61)   CALL ABORT_TRANS(' MYRECVSET: INVALID ARGUMENT ')
(   62) 
(   63) ELSE
(   64) 
(   65) !*       2.    Compute output parameters
(   66) !              -------------------------
(   67) 
(   68)   MYRECVSET = MOD(-KSET-1+KMYSET+KSETS,KSETS)+1
(   69) 
(   70) ENDIF
(   71) 
(   72) END FUNCTION MYRECVSET
(   73) END MODULE MYRECVSET_MOD






















NVFORTRAN (Version    20.11)          02/16/2022  17:29:32      page 3

(    1) # 1 "myrecvset_mod.F90"
(    1) MODULE MYRECVSET_MOD
(    2) CONTAINS
(    3) FUNCTION MYRECVSET(KSETS,KMYSET,KSET)
(    4) # 6 "myrecvset_mod.F90"
(    6) !**** *MYRECVSET* RETURNS SET NUMBER TO SEND TO
(    7) # 8 "myrecvset_mod.F90"
(    8) !     Purpose.
(    9) !     --------
(   10) !
(   11) # 12 "myrecvset_mod.F90"
(   12) !**   Interface.
(   13) !     ----------
(   14) !        ISENDSET = MYRECVSET(KSETS,KMYSET,KSET)
(   15) # 16 "myrecvset_mod.F90"
(   16) !        Explicit arguments :
(   17) !        --------------------
(   18) !                  input:   KSETS
(   19) # 20 "myrecvset_mod.F90"
(   20) !        Implicit arguments :  NONE
(   21) !        --------------------
(   22) !     Method.
(   23) !     -------
(   24) # 25 "myrecvset_mod.F90"
(   25) !
(   26) # 27 "myrecvset_mod.F90"
(   27) !     Externals.
(   28) !     ----------
(   29) !         NONE
(   30) # 31 "myrecvset_mod.F90"
(   31) !     Reference.
(   32) !     ----------
(   33) !        ECMWF Research Department documentation of the IFS
(   34) # 35 "myrecvset_mod.F90"
(   35) !     Author.
(   36) !     -------
(   37) !        Mats Hamrud *ECMWF*
(   38) # 39 "myrecvset_mod.F90"
(   39) !     Modifications.
(   40) !     --------------
(   41) !        Original : 00-02-03
(   42) # 43 "myrecvset_mod.F90"
(   43) !     ------------------------------------------------------------------
(   44) # 45 "myrecvset_mod.F90"
(   45) USE PARKIND1  ,ONLY : JPIM     ,JPRBT
(   46) USE ABORT_TRANS_MOD ,ONLY : ABORT_TRANS
(   47) !
(   48) # 49 "myrecvset_mod.F90"
(   49) IMPLICIT NONE
(   50) INTEGER(KIND=JPIM) :: MYRECVSET
(   51) INTEGER(KIND=JPIM),INTENT(IN)  :: KSETS,KMYSET,KSET
(   52) # 54 "myrecvset_mod.F90"
(   54) !     ------------------------------------------------------------------
(   55) # 56 "myrecvset_mod.F90"
(   56) !*       1.    Check input argument for validity
(   57) !              ---------------------------------
(   58) # 59 "myrecvset_mod.F90"
(   59) IF(KSETS < 1 .OR. KMYSET > KSETS .OR. KSET > KSETS-1) THEN






NVFORTRAN (Version    20.11)          02/16/2022  17:29:32      page 4

(   60) # 61 "myrecvset_mod.F90"
(   61)   CALL ABORT_TRANS(' MYRECVSET: INVALID ARGUMENT ')
(   62) # 63 "myrecvset_mod.F90"
(   63) ELSE
(   64) # 65 "myrecvset_mod.F90"
(   65) !*       2.    Compute output parameters
(   66) !              -------------------------
(   67) # 68 "myrecvset_mod.F90"
(   68)   MYRECVSET = MOD(-KSET-1+KMYSET+KSETS,KSETS)+1
(   69) # 70 "myrecvset_mod.F90"
(   70) ENDIF
(   71) # 72 "myrecvset_mod.F90"
(   72) END FUNCTION MYRECVSET
(   73) END MODULE MYRECVSET_MOD
