


NVFORTRAN (Version    20.11)          02/16/2022  17:27:35      page 1

Switches: -noasm -nodclchk -debug -nodlines -line -list
          -idir .D[1]
          -idir .D[2]
          -idir .D[3]
          -idir .D[4]
          -idir .D[5]
          -idir .D[6]
          -idir .D[7]
          -idir .D[8]
          -idir .D[9]
          -idir .D[10]
          -idir .D[11]
          -idir .D[12]
          -idir .D[13]
          -idir .D[14]
          -idir .D[15]
          -idir .D[16]
          -idir .D[17]
          -idir /gpfslocalsup/spack_soft/openmpi/4.0.5/nvhpc-20.11-3li3t3xykfzndqfr4oxyhh22iqiendl2/include
          -idir /gpfslocalsup/spack_soft/openmpi/4.0.5/nvhpc-20.11-3li3t3xykfzndqfr4oxyhh22iqiendl2/lib
          -inform severe -opt 2 -nosave -object -noonetrip
          -depchk on -nostandard     
          -symbol -noupcase    

Filename: efourier_in_mod.F90

(    1) MODULE EFOURIER_IN_MOD
(    2) CONTAINS
(    3) SUBROUTINE EFOURIER_IN(PREEL,KFIELDS)
(    4) 
(    5) !**** *FOURIER_IN* - Copy fourier data from buffer to local array
(    6) 
(    7) !     Purpose.
(    8) !     --------
(    9) !        Routine for copying fourier data from buffer to local array
(   10) 
(   11) !**   Interface.
(   12) !     ----------
(   13) !     CALL FOURIER_IN(...)
(   14) 
(   15) !     Explicit arguments :  PREEL - local fourier/GP array
(   16) !     --------------------  KFIELDS - number of fields
(   17) !
(   18) !     Externals.  None.
(   19) !     ----------
(   20) 
(   21) !     Author.
(   22) !     -------
(   23) !        Mats Hamrud *ECMWF*
(   24) 
(   25) !     Modifications.
(   26) !     --------------
(   27) !        Original : 2000-04-01
(   28) 
(   29) !     ------------------------------------------------------------------
(   30) 
(   31) USE PARKIND1  ,ONLY : JPIM     ,JPRBT
(   32) 
(   33) USE TPM_DISTR       ,ONLY : D, MYSETW, MYPROC, NPROC, &






NVFORTRAN (Version    20.11)          02/16/2022  17:27:35      page 2

(   34)              & D_NSTAGTF, D_MSTABF, D_NSTAGT0B, D_NPNTGTB0, D_NPROCM, D_NPTRLS
(   35) USE TPM_TRANS       ,ONLY : FOUBUF
(   36) USE TPM_GEOMETRY    ,ONLY : G, G_NMEN,G_NMEN_MAX
(   37) !
(   38) 
(   39) IMPLICIT NONE
(   40) 
(   41) INTEGER(KIND=JPIM),INTENT(IN) :: KFIELDS
(   42) REAL(KIND=JPRBT), INTENT(OUT) :: PREEL(:,:)
(   43) 
(   44) INTEGER(KIND=JPIM) :: JM, JF, IGLG, IPROC, IR, II, ISTA
(   45) INTEGER(KIND=JPIM) :: IOFF, JGL
(   46) 
(   47) !     ------------------------------------------------------------------
(   48) 
(   49) !$acc data &
(   50) !$acc& copyin(D_NPTRLS,D_NSTAGTF,D_MSTABF,D_NSTAGT0B,D_NPNTGTB0,G_NMEN,G_NMEN_MAX,D_NPROCM) &
(   51) !$acc& present(PREEL,FOUBUF)
(   52) 
(   53) !$acc parallel loop collapse(3) private(IGLG,IPROC,ISTA,IOFF)
(   54) DO JGL = 1, D%NDGL_FS
(   55)    DO JM=0,G_NMEN_MAX      
(   56)       DO JF=1,KFIELDS     
(   57)          IGLG = D_NPTRLS(MYSETW)+JGL-1
(   58)          IF ( JM .LE. G_NMEN(IGLG)) THEN
(   59)             IPROC = D_NPROCM(JM)
(   60)             ISTA  = (D_NSTAGT0B(D_MSTABF(IPROC))+D_NPNTGTB0(JM,JGL))*2*KFIELDS
(   61)             IOFF  = 1+D_NSTAGTF(JGL)
(   62)             PREEL(IOFF+2*JM+0, JF) = FOUBUF(ISTA+2*JF-1) 
(   63)             PREEL(IOFF+2*JM+1, JF) = FOUBUF(ISTA+2*JF  ) 
(   64)          END IF
(   65)       ENDDO
(   66)    ENDDO
(   67) END DO
(   68) 
(   69) !$acc end data
(   70) 
(   71) END SUBROUTINE EFOURIER_IN
(   72) END MODULE EFOURIER_IN_MOD
(   73) 
























NVFORTRAN (Version    20.11)          02/16/2022  17:27:35      page 3

(    1) # 1 "efourier_in_mod.F90"
(    1) MODULE EFOURIER_IN_MOD
(    2) CONTAINS
(    3) SUBROUTINE EFOURIER_IN(PREEL,KFIELDS)
(    4) # 5 "efourier_in_mod.F90"
(    5) !**** *FOURIER_IN* - Copy fourier data from buffer to local array
(    6) # 7 "efourier_in_mod.F90"
(    7) !     Purpose.
(    8) !     --------
(    9) !        Routine for copying fourier data from buffer to local array
(   10) # 11 "efourier_in_mod.F90"
(   11) !**   Interface.
(   12) !     ----------
(   13) !     CALL FOURIER_IN(...)
(   14) # 15 "efourier_in_mod.F90"
(   15) !     Explicit arguments :  PREEL - local fourier/GP array
(   16) !     --------------------  KFIELDS - number of fields
(   17) !
(   18) !     Externals.  None.
(   19) !     ----------
(   20) # 21 "efourier_in_mod.F90"
(   21) !     Author.
(   22) !     -------
(   23) !        Mats Hamrud *ECMWF*
(   24) # 25 "efourier_in_mod.F90"
(   25) !     Modifications.
(   26) !     --------------
(   27) !        Original : 2000-04-01
(   28) # 29 "efourier_in_mod.F90"
(   29) !     ------------------------------------------------------------------
(   30) # 31 "efourier_in_mod.F90"
(   31) USE PARKIND1  ,ONLY : JPIM     ,JPRBT
(   32) # 33 "efourier_in_mod.F90"
(   33) USE TPM_DISTR       ,ONLY : D, MYSETW, MYPROC, NPROC, &
(   34)              & D_NSTAGTF, D_MSTABF, D_NSTAGT0B, D_NPNTGTB0, D_NPROCM, D_NPTRLS
(   35) USE TPM_TRANS       ,ONLY : FOUBUF
(   36) USE TPM_GEOMETRY    ,ONLY : G, G_NMEN,G_NMEN_MAX
(   37) !
(   38) # 39 "efourier_in_mod.F90"
(   39) IMPLICIT NONE
(   40) # 41 "efourier_in_mod.F90"
(   41) INTEGER(KIND=JPIM),INTENT(IN) :: KFIELDS
(   42) REAL(KIND=JPRBT), INTENT(OUT) :: PREEL(:,:)
(   43) # 44 "efourier_in_mod.F90"
(   44) INTEGER(KIND=JPIM) :: JM, JF, IGLG, IPROC, IR, II, ISTA
(   45) INTEGER(KIND=JPIM) :: IOFF, JGL
(   46) # 47 "efourier_in_mod.F90"
(   47) !     ------------------------------------------------------------------
(   48) # 49 "efourier_in_mod.F90"
(   50) !$acc& copyin(D_NPTRLS,D_NSTAGTF,D_MSTABF,D_NSTAGT0B,D_NPNTGTB0,G_NMEN,G_NMEN_MAX,D_NPROCM) &
(   51) !$acc& present(PREEL,FOUBUF)
(   52) # 53 "efourier_in_mod.F90"
(   53) !$acc parallel loop collapse(3) private(IGLG,IPROC,ISTA,IOFF)
(   54) DO JGL = 1, D%NDGL_FS
(   55)    DO JM=0,G_NMEN_MAX      
(   56)       DO JF=1,KFIELDS     
(   57)          IGLG = D_NPTRLS(MYSETW)+JGL-1
(   58)          IF ( JM .LE. G_NMEN(IGLG)) THEN






NVFORTRAN (Version    20.11)          02/16/2022  17:27:35      page 4

(   59)             IPROC = D_NPROCM(JM)
(   60)             ISTA  = (D_NSTAGT0B(D_MSTABF(IPROC))+D_NPNTGTB0(JM,JGL))*2*KFIELDS
(   61)             IOFF  = 1+D_NSTAGTF(JGL)
(   62)             PREEL(IOFF+2*JM+0, JF) = FOUBUF(ISTA+2*JF-1) 
(   63)             PREEL(IOFF+2*JM+1, JF) = FOUBUF(ISTA+2*JF  ) 
(   64)          END IF
(   65)       ENDDO
(   66)    ENDDO
(   67) END DO
(   68) # 69 "efourier_in_mod.F90"
(   69) !$acc end data
(   70) # 71 "efourier_in_mod.F90"
(   71) END SUBROUTINE EFOURIER_IN
(   72) END MODULE EFOURIER_IN_MOD
