


NVFORTRAN (Version    20.11)          02/16/2022  17:27:33      page 1

Switches: -noasm -nodclchk -debug -nodlines -line -list
          -idir .D[1]
          -idir .D[2]
          -idir .D[3]
          -idir .D[4]
          -idir .D[5]
          -idir .D[6]
          -idir .D[7]
          -idir .D[8]
          -idir .D[9]
          -idir .D[10]
          -idir .D[11]
          -idir .D[12]
          -idir .D[13]
          -idir .D[14]
          -idir .D[15]
          -idir .D[16]
          -idir .D[17]
          -idir /gpfslocalsup/spack_soft/openmpi/4.0.5/nvhpc-20.11-3li3t3xykfzndqfr4oxyhh22iqiendl2/include
          -idir /gpfslocalsup/spack_soft/openmpi/4.0.5/nvhpc-20.11-3li3t3xykfzndqfr4oxyhh22iqiendl2/lib
          -inform severe -opt 2 -nosave -object -noonetrip
          -depchk on -nostandard     
          -symbol -noupcase    

Filename: eltdata_mod.F90

(    1) MODULE ELTDATA_MOD
(    2) 
(    3) USE PARKIND1, ONLY : JPRB
(    4) 
(    5) IMPLICIT NONE
(    6) 
(    7) REAL(KIND=JPRB), ALLOCATABLE, SAVE, TARGET :: ZVODI_PERM (:,:,:)
(    8) REAL(KIND=JPRB), ALLOCATABLE, SAVE, TARGET :: ZFFT_PERM (:,:,:)
(    9) END MODULE
(   10) 





























NVFORTRAN (Version    20.11)          02/16/2022  17:27:33      page 2

(    1) # 1 "eltdata_mod.F90"
(    1) MODULE ELTDATA_MOD
(    2) # 3 "eltdata_mod.F90"
(    3) USE PARKIND1, ONLY : JPRB
(    4) # 5 "eltdata_mod.F90"
(    5) IMPLICIT NONE
(    6) # 7 "eltdata_mod.F90"
(    7) REAL(KIND=JPRB), ALLOCATABLE, SAVE, TARGET :: ZVODI_PERM (:,:,:)
(    8) REAL(KIND=JPRB), ALLOCATABLE, SAVE, TARGET :: ZFFT_PERM (:,:,:)
(    9) END MODULE
