


NVFORTRAN (Version    20.11)          02/16/2022  17:27:40      page 1

Switches: -noasm -nodclchk -debug -nodlines -line -list
          -idir .D[1]
          -idir .D[2]
          -idir .D[3]
          -idir .D[4]
          -idir .D[5]
          -idir .D[6]
          -idir .D[7]
          -idir .D[8]
          -idir .D[9]
          -idir .D[10]
          -idir .D[11]
          -idir .D[12]
          -idir .D[13]
          -idir .D[14]
          -idir .D[15]
          -idir .D[16]
          -idir .D[17]
          -idir /gpfslocalsup/spack_soft/openmpi/4.0.5/nvhpc-20.11-3li3t3xykfzndqfr4oxyhh22iqiendl2/include
          -idir /gpfslocalsup/spack_soft/openmpi/4.0.5/nvhpc-20.11-3li3t3xykfzndqfr4oxyhh22iqiendl2/lib
          -inform severe -opt 2 -nosave -object -noonetrip
          -depchk on -nostandard     
          -symbol -noupcase    

Filename: eprfi2b_mod.F90

(    1) MODULE EPRFI2B_MOD
(    2) CONTAINS
(    3) SUBROUTINE EPRFI2B(KFIELD,PFFT)
(    4) 
(    5) !**** *EPRFI2B* - Prepare input work arrays for direct transform
(    6) 
(    7) !     Purpose.
(    8) !     --------
(    9) !        To extract the Fourier fields for a specific zonal wavenumber
(   10) !        and put them in an order suitable for the direct Legendre
(   11) !        tranforms, i.e. split into symmetric and anti-symmetric part.
(   12) 
(   13) !**   Interface.
(   14) !     ----------
(   15) !     *CALL* *EPRFI2B(..)
(   16) 
(   17) !        Explicit arguments :
(   18) !        -------------------   KFIELD - number of fields
(   19) !                              KM - zonal wavenumber
(   20) !                              KMLOC - local zonal wavenumber
(   21) !                              PAOA - antisymmetric part of Fourier
(   22) !                              fields for zonal wavenumber KM
(   23) !                              PSOA - symmetric part of Fourier
(   24) !                              fields for zonal wavenumber KM
(   25) 
(   26) !        Implicit arguments :  FOUBUF in TPM_TRANS
(   27) !        --------------------
(   28) 
(   29) !     Method.
(   30) !     -------
(   31) 
(   32) !     Externals.   None.
(   33) !     ----------






NVFORTRAN (Version    20.11)          02/16/2022  17:27:40      page 2

(   34) 
(   35) !     Reference.
(   36) !     ----------
(   37) !        ECMWF Research Department documentation of the IFS
(   38) 
(   39) !     Author.
(   40) !     -------
(   41) !        Mats Hamrud and Philippe Courtier  *ECMWF*
(   42) 
(   43) !     Modifications.
(   44) !     --------------
(   45) !        Original : 90-07-01
(   46) !        MPP Group: 95-10-01 Support for Distributed Memory version
(   47) !        Modified : 04/06/99 D.Salmond : change order of AIA and SIA
(   48) !        M.Hamrud      01-Oct-2003 CY28 Cleaning
(   49) !     ------------------------------------------------------------------
(   50) 
(   51) USE PARKIND1  ,ONLY : JPIM     ,JPRB       ,JPRBT
(   52) USE YOMHOOK   ,ONLY : LHOOK,   DR_HOOK
(   53) 
(   54) USE TPM_DIM         ,ONLY : R, R_NDGNH, R_NDGL
(   55) USE TPM_TRANS       ,ONLY : FOUBUF
(   56) USE TPM_GEOMETRY    ,ONLY : G, G_NDGLU
(   57) USE TPM_DISTR       ,ONLY : D,D_NUMP,D_MYMS,D_NSTAGT1B,D_NPROCL,D_NPNTGTB1,MYPROC
(   58) !
(   59) 
(   60) IMPLICIT NONE
(   61) 
(   62) INTEGER(KIND=JPIM),INTENT(IN)  :: KFIELD
(   63) REAL(KIND=JPRBT)  , INTENT(OUT) :: PFFT(:,:,:)
(   64) 
(   65) INTEGER(KIND=JPIM) :: IM, JM
(   66) INTEGER(KIND=JPIM) :: ISTAN, JF, JGL
(   67) INTEGER(KIND=JPIM) :: IJR, IJI
(   68) REAL(KIND=JPRB) :: ZHOOK_HANDLE
(   69) 
(   70) !     ------------------------------------------------------------------
(   71) 
(   72) IF (LHOOK) CALL DR_HOOK('EPRFI2B_MOD:EPRFI2B',0,ZHOOK_HANDLE)
(   73) 
(   74) !*       1.    EXTRACT SYM./ANTISYM. FIELDS FROM FOURIER ARRAY.
(   75) !              ------------------------------------------------
(   76) 
(   77) !$acc data &
(   78) !$acc& present(PFFT) &
(   79) !$acc& present(FOUBUF) &
(   80) !$acc& copy(R_NDGL,D_NSTAGT1B,D_NPNTGTB1,D_NPROCL,D_NUMP,D_MYMS,G_NDGLU)
(   81)   
(   82) !loop over wavenumber
(   83) !$acc parallel loop collapse(3) private(ISTAN,IM,IJR,IJI,JM)
(   84) DO JF =1,KFIELD
(   85)   DO JM = 1, D_NUMP
(   86)     DO JGL=1,R_NDGL
(   87)       IM = D_MYMS(JM)
(   88)       IJR = 2*(JF-1)+1
(   89)       IJI = IJR+1
(   90)       ISTAN = (D_NSTAGT1B(D_NPROCL(JGL) )+D_NPNTGTB1(JM,JGL))*2*KFIELD
(   91)       PFFT(JGL,JM,IJR) = FOUBUF(ISTAN+IJR)






NVFORTRAN (Version    20.11)          02/16/2022  17:27:40      page 3

(   92)       PFFT(JGL,JM,IJI) = FOUBUF(ISTAN+IJI)
(   93)     ENDDO
(   94)   ENDDO
(   95) ENDDO
(   96) 
(   97) !$acc end data
(   98) 
(   99) IF (LHOOK) CALL DR_HOOK('EPRFI2B_MOD:EPRFI2B',1,ZHOOK_HANDLE)
(  100) 
(  101) !     ------------------------------------------------------------------
(  102) 
(  103) END SUBROUTINE EPRFI2B
(  104) END MODULE EPRFI2B_MOD



















































NVFORTRAN (Version    20.11)          02/16/2022  17:27:40      page 4

(    1) # 1 "eprfi2b_mod.F90"
(    1) MODULE EPRFI2B_MOD
(    2) CONTAINS
(    3) SUBROUTINE EPRFI2B(KFIELD,PFFT)
(    4) # 5 "eprfi2b_mod.F90"
(    5) !**** *EPRFI2B* - Prepare input work arrays for direct transform
(    6) # 7 "eprfi2b_mod.F90"
(    7) !     Purpose.
(    8) !     --------
(    9) !        To extract the Fourier fields for a specific zonal wavenumber
(   10) !        and put them in an order suitable for the direct Legendre
(   11) !        tranforms, i.e. split into symmetric and anti-symmetric part.
(   12) # 13 "eprfi2b_mod.F90"
(   13) !**   Interface.
(   14) !     ----------
(   15) !     *CALL* *EPRFI2B(..)
(   16) # 17 "eprfi2b_mod.F90"
(   17) !        Explicit arguments :
(   18) !        -------------------   KFIELD - number of fields
(   19) !                              KM - zonal wavenumber
(   20) !                              KMLOC - local zonal wavenumber
(   21) !                              PAOA - antisymmetric part of Fourier
(   22) !                              fields for zonal wavenumber KM
(   23) !                              PSOA - symmetric part of Fourier
(   24) !                              fields for zonal wavenumber KM
(   25) # 26 "eprfi2b_mod.F90"
(   26) !        Implicit arguments :  FOUBUF in TPM_TRANS
(   27) !        --------------------
(   28) # 29 "eprfi2b_mod.F90"
(   29) !     Method.
(   30) !     -------
(   31) # 32 "eprfi2b_mod.F90"
(   32) !     Externals.   None.
(   33) !     ----------
(   34) # 35 "eprfi2b_mod.F90"
(   35) !     Reference.
(   36) !     ----------
(   37) !        ECMWF Research Department documentation of the IFS
(   38) # 39 "eprfi2b_mod.F90"
(   39) !     Author.
(   40) !     -------
(   41) !        Mats Hamrud and Philippe Courtier  *ECMWF*
(   42) # 43 "eprfi2b_mod.F90"
(   43) !     Modifications.
(   44) !     --------------
(   45) !        Original : 90-07-01
(   46) !        MPP Group: 95-10-01 Support for Distributed Memory version
(   47) !        Modified : 04/06/99 D.Salmond : change order of AIA and SIA
(   48) !        M.Hamrud      01-Oct-2003 CY28 Cleaning
(   49) !     ------------------------------------------------------------------
(   50) # 51 "eprfi2b_mod.F90"
(   51) USE PARKIND1  ,ONLY : JPIM     ,JPRB       ,JPRBT
(   52) USE YOMHOOK   ,ONLY : LHOOK,   DR_HOOK
(   53) # 54 "eprfi2b_mod.F90"
(   54) USE TPM_DIM         ,ONLY : R, R_NDGNH, R_NDGL
(   55) USE TPM_TRANS       ,ONLY : FOUBUF
(   56) USE TPM_GEOMETRY    ,ONLY : G, G_NDGLU
(   57) USE TPM_DISTR       ,ONLY : D,D_NUMP,D_MYMS,D_NSTAGT1B,D_NPROCL,D_NPNTGTB1,MYPROC






NVFORTRAN (Version    20.11)          02/16/2022  17:27:40      page 5

(   58) !
(   59) # 60 "eprfi2b_mod.F90"
(   60) IMPLICIT NONE
(   61) # 62 "eprfi2b_mod.F90"
(   62) INTEGER(KIND=JPIM),INTENT(IN)  :: KFIELD
(   63) REAL(KIND=JPRBT)  , INTENT(OUT) :: PFFT(:,:,:)
(   64) # 65 "eprfi2b_mod.F90"
(   65) INTEGER(KIND=JPIM) :: IM, JM
(   66) INTEGER(KIND=JPIM) :: ISTAN, JF, JGL
(   67) INTEGER(KIND=JPIM) :: IJR, IJI
(   68) REAL(KIND=JPRB) :: ZHOOK_HANDLE
(   69) # 70 "eprfi2b_mod.F90"
(   70) !     ------------------------------------------------------------------
(   71) # 72 "eprfi2b_mod.F90"
(   72) IF (LHOOK) CALL DR_HOOK('EPRFI2B_MOD:EPRFI2B',0,ZHOOK_HANDLE)
(   73) # 74 "eprfi2b_mod.F90"
(   74) !*       1.    EXTRACT SYM./ANTISYM. FIELDS FROM FOURIER ARRAY.
(   75) !              ------------------------------------------------
(   76) # 77 "eprfi2b_mod.F90"
(   78) !$acc& present(PFFT) &
(   79) !$acc& present(FOUBUF) &
(   80) !$acc& copy(R_NDGL,D_NSTAGT1B,D_NPNTGTB1,D_NPROCL,D_NUMP,D_MYMS,G_NDGLU)
(   81)   
(   82) !loop over wavenumber
(   83) !$acc parallel loop collapse(3) private(ISTAN,IM,IJR,IJI,JM)
(   84) DO JF =1,KFIELD
(   85)   DO JM = 1, D_NUMP
(   86)     DO JGL=1,R_NDGL
(   87)       IM = D_MYMS(JM)
(   88)       IJR = 2*(JF-1)+1
(   89)       IJI = IJR+1
(   90)       ISTAN = (D_NSTAGT1B(D_NPROCL(JGL) )+D_NPNTGTB1(JM,JGL))*2*KFIELD
(   91)       PFFT(JGL,JM,IJR) = FOUBUF(ISTAN+IJR)
(   92)       PFFT(JGL,JM,IJI) = FOUBUF(ISTAN+IJI)
(   93)     ENDDO
(   94)   ENDDO
(   95) ENDDO
(   96) # 97 "eprfi2b_mod.F90"
(   97) !$acc end data
(   98) # 99 "eprfi2b_mod.F90"
(   99) IF (LHOOK) CALL DR_HOOK('EPRFI2B_MOD:EPRFI2B',1,ZHOOK_HANDLE)
(  100) # 101 "eprfi2b_mod.F90"
(  101) !     ------------------------------------------------------------------
(  102) # 103 "eprfi2b_mod.F90"
(  103) END SUBROUTINE EPRFI2B
(  104) END MODULE EPRFI2B_MOD
