


NVFORTRAN (Version    20.11)          02/16/2022  17:28:06      page 1

Switches: -noasm -nodclchk -debug -nodlines -line -list
          -idir .D[1]
          -idir .D[2]
          -idir .D[3]
          -idir .D[4]
          -idir .D[5]
          -idir .D[6]
          -idir .D[7]
          -idir .D[8]
          -idir .D[9]
          -idir .D[10]
          -idir .D[11]
          -idir .D[12]
          -idir .D[13]
          -idir .D[14]
          -idir .D[15]
          -idir .D[16]
          -idir .D[17]
          -idir /gpfslocalsup/spack_soft/openmpi/4.0.5/nvhpc-20.11-3li3t3xykfzndqfr4oxyhh22iqiendl2/include
          -idir /gpfslocalsup/spack_soft/openmpi/4.0.5/nvhpc-20.11-3li3t3xykfzndqfr4oxyhh22iqiendl2/lib
          -inform severe -opt 2 -nosave -object -noonetrip
          -depchk on -nostandard     
          -symbol -noupcase    

Filename: esetup_geom_mod.F90

(    1) MODULE ESETUP_GEOM_MOD
(    2) CONTAINS
(    3) SUBROUTINE ESETUP_GEOM
(    4) 
(    5) USE PARKIND1  ,ONLY : JPIM     ,JPRB
(    6) USE YOMHOOK   ,ONLY : LHOOK,   DR_HOOK
(    7) 
(    8) USE TPM_GEN         ,ONLY : NOUT, NPRINTLEV
(    9) USE TPM_DIM         ,ONLY : R
(   10) USE TPM_DISTR       ,ONLY : D
(   11) USE TPMALD_DIM      ,ONLY : RALD
(   12) !USE TPM_FIELDS
(   13) USE TPM_GEOMETRY    ,ONLY : G
(   14) !
(   15) 
(   16) IMPLICIT NONE
(   17) 
(   18) INTEGER(KIND=JPIM) :: IDGLU(0:RALD%NMSMAX,R%NDGNH)
(   19) INTEGER(KIND=JPIM) :: JGL,JM
(   20) 
(   21) LOGICAL    :: LLP1,LLP2
(   22) REAL(KIND=JPRB) :: ZHOOK_HANDLE
(   23) 
(   24) !     ------------------------------------------------------------------
(   25) 
(   26) IF (LHOOK) CALL DR_HOOK('ESETUP_GEOM_MOD:ESETUP_GEOM',0,ZHOOK_HANDLE)
(   27) IF(.NOT.D%LGRIDONLY) THEN
(   28) LLP1 = NPRINTLEV>0
(   29) LLP2 = NPRINTLEV>1
(   30) 
(   31) IF(LLP1) WRITE(NOUT,*) '=== ENTER ROUTINE SETUP_GEOM ==='
(   32) 
(   33) ALLOCATE (G%NMEN(R%NDGL))






NVFORTRAN (Version    20.11)          02/16/2022  17:28:06      page 2

(   34) IF(LLP2)WRITE(NOUT,9) 'G%NMEN   ',SIZE(G%NMEN   ),SHAPE(G%NMEN   )
(   35) G%NMEN(:)=RALD%NMSMAX
(   36) IF(LLP1) THEN
(   37)   WRITE(NOUT,FMT='('' (JGL,G%NLOEN,G%NMEN) '')')
(   38)   WRITE(NOUT,FMT='(8(1X,''('',I4,I4,I4,'')''))')&
(   39)    & (JGL,G%NLOEN(JGL),G%NMEN(JGL),JGL=1,R%NDGL)
(   40) ENDIF
(   41) ALLOCATE(G%NDGLU(0:RALD%NMSMAX))
(   42) IF(LLP2)WRITE(NOUT,9) 'G%NDGLU   ',SIZE(G%NDGLU   ),SHAPE(G%NDGLU   )
(   43) IDGLU(:,:) = 0
(   44) G%NDGLU(:) = 0
(   45) DO JGL=1,R%NDGNH
(   46)   DO JM=0,G%NMEN(JGL)
(   47)     IDGLU(JM,JGL) = 1
(   48)   ENDDO
(   49) ENDDO
(   50) DO JM=0,RALD%NMSMAX
(   51)   DO JGL=1,R%NDGNH
(   52)     G%NDGLU(JM) = G%NDGLU(JM)+IDGLU(JM,JGL)
(   53)   ENDDO
(   54) ENDDO
(   55) IF(LLP1) THEN
(   56)   WRITE(NOUT,FMT='('' (JM,G%NDGLU) '')')
(   57)   WRITE(NOUT,FMT='(10(1X,''('',I4,I4,'')''))')&
(   58)    & (JM,G%NDGLU(JM),JM=0,RALD%NMSMAX)
(   59) ENDIF
(   60) ENDIF
(   61) IF (LHOOK) CALL DR_HOOK('ESETUP_GEOM_MOD:ESETUP_GEOM',1,ZHOOK_HANDLE)
(   62) !     ------------------------------------------------------------------
(   63) 9 FORMAT(1X,'ARRAY ',A10,' ALLOCATED ',8I8)
(   64) 
(   65) END SUBROUTINE ESETUP_GEOM
(   66) END MODULE ESETUP_GEOM_MOD































NVFORTRAN (Version    20.11)          02/16/2022  17:28:06      page 3

(    1) # 1 "esetup_geom_mod.F90"
(    1) MODULE ESETUP_GEOM_MOD
(    2) CONTAINS
(    3) SUBROUTINE ESETUP_GEOM
(    4) # 5 "esetup_geom_mod.F90"
(    5) USE PARKIND1  ,ONLY : JPIM     ,JPRB
(    6) USE YOMHOOK   ,ONLY : LHOOK,   DR_HOOK
(    7) # 8 "esetup_geom_mod.F90"
(    8) USE TPM_GEN         ,ONLY : NOUT, NPRINTLEV
(    9) USE TPM_DIM         ,ONLY : R
(   10) USE TPM_DISTR       ,ONLY : D
(   11) USE TPMALD_DIM      ,ONLY : RALD
(   12) !USE TPM_FIELDS
(   13) USE TPM_GEOMETRY    ,ONLY : G
(   14) !
(   15) # 16 "esetup_geom_mod.F90"
(   16) IMPLICIT NONE
(   17) # 18 "esetup_geom_mod.F90"
(   18) INTEGER(KIND=JPIM) :: IDGLU(0:RALD%NMSMAX,R%NDGNH)
(   19) INTEGER(KIND=JPIM) :: JGL,JM
(   20) # 21 "esetup_geom_mod.F90"
(   21) LOGICAL    :: LLP1,LLP2
(   22) REAL(KIND=JPRB) :: ZHOOK_HANDLE
(   23) # 24 "esetup_geom_mod.F90"
(   24) !     ------------------------------------------------------------------
(   25) # 26 "esetup_geom_mod.F90"
(   26) IF (LHOOK) CALL DR_HOOK('ESETUP_GEOM_MOD:ESETUP_GEOM',0,ZHOOK_HANDLE)
(   27) IF(.NOT.D%LGRIDONLY) THEN
(   28) LLP1 = NPRINTLEV>0
(   29) LLP2 = NPRINTLEV>1
(   30) # 31 "esetup_geom_mod.F90"
(   31) IF(LLP1) WRITE(NOUT,*) '=== ENTER ROUTINE SETUP_GEOM ==='
(   32) # 33 "esetup_geom_mod.F90"
(   33) ALLOCATE (G%NMEN(R%NDGL))
(   34) IF(LLP2)WRITE(NOUT,9) 'G%NMEN   ',SIZE(G%NMEN   ),SHAPE(G%NMEN   )
(   35) G%NMEN(:)=RALD%NMSMAX
(   36) IF(LLP1) THEN
(   37)   WRITE(NOUT,FMT='('' (JGL,G%NLOEN,G%NMEN) '')')
(   38)   WRITE(NOUT,FMT='(8(1X,''('',I4,I4,I4,'')''))')&
(   39)    & (JGL,G%NLOEN(JGL),G%NMEN(JGL),JGL=1,R%NDGL)
(   40) ENDIF
(   41) ALLOCATE(G%NDGLU(0:RALD%NMSMAX))
(   42) IF(LLP2)WRITE(NOUT,9) 'G%NDGLU   ',SIZE(G%NDGLU   ),SHAPE(G%NDGLU   )
(   43) IDGLU(:,:) = 0
(   44) G%NDGLU(:) = 0
(   45) DO JGL=1,R%NDGNH
(   46)   DO JM=0,G%NMEN(JGL)
(   47)     IDGLU(JM,JGL) = 1
(   48)   ENDDO
(   49) ENDDO
(   50) DO JM=0,RALD%NMSMAX
(   51)   DO JGL=1,R%NDGNH
(   52)     G%NDGLU(JM) = G%NDGLU(JM)+IDGLU(JM,JGL)
(   53)   ENDDO
(   54) ENDDO
(   55) IF(LLP1) THEN
(   56)   WRITE(NOUT,FMT='('' (JM,G%NDGLU) '')')
(   57)   WRITE(NOUT,FMT='(10(1X,''('',I4,I4,'')''))')&






NVFORTRAN (Version    20.11)          02/16/2022  17:28:06      page 4

(   58)    & (JM,G%NDGLU(JM),JM=0,RALD%NMSMAX)
(   59) ENDIF
(   60) ENDIF
(   61) IF (LHOOK) CALL DR_HOOK('ESETUP_GEOM_MOD:ESETUP_GEOM',1,ZHOOK_HANDLE)
(   62) !     ------------------------------------------------------------------
(   63) 9 FORMAT(1X,'ARRAY ',A10,' ALLOCATED ',8I8)
(   64) # 65 "esetup_geom_mod.F90"
(   65) END SUBROUTINE ESETUP_GEOM
(   66) END MODULE ESETUP_GEOM_MOD
