


NVFORTRAN (Version    20.11)          02/16/2022  17:28:06      page 1

Switches: -noasm -nodclchk -debug -nodlines -line -list
          -idir .D[1]
          -idir .D[2]
          -idir .D[3]
          -idir .D[4]
          -idir .D[5]
          -idir .D[6]
          -idir .D[7]
          -idir .D[8]
          -idir .D[9]
          -idir .D[10]
          -idir .D[11]
          -idir .D[12]
          -idir .D[13]
          -idir .D[14]
          -idir .D[15]
          -idir .D[16]
          -idir .D[17]
          -idir /gpfslocalsup/spack_soft/openmpi/4.0.5/nvhpc-20.11-3li3t3xykfzndqfr4oxyhh22iqiendl2/include
          -idir /gpfslocalsup/spack_soft/openmpi/4.0.5/nvhpc-20.11-3li3t3xykfzndqfr4oxyhh22iqiendl2/lib
          -inform severe -opt 2 -nosave -object -noonetrip
          -depchk on -nostandard     
          -symbol -noupcase    

Filename: espnormd_mod.F90

(    1) MODULE ESPNORMD_MOD
(    2) CONTAINS
(    3) SUBROUTINE ESPNORMD(PSPEC,KFLD,PMET,PSM)
(    4) 
(    5) USE PARKIND1  ,ONLY : JPIM     ,JPRB
(    6) USE YOMHOOK   ,ONLY : LHOOK,   DR_HOOK
(    7) 
(    8) USE TPM_DIM         ,ONLY : R
(    9) USE TPM_DISTR       ,ONLY : D
(   10) 
(   11) USE TPMALD_DISTR    ,ONLY : DALD
(   12) !
(   13) 
(   14) IMPLICIT NONE
(   15) 
(   16) REAL(KIND=JPRB)    ,INTENT(IN)  :: PSPEC(:,:)
(   17) REAL(KIND=JPRB)    ,INTENT(IN)  :: PMET(0:R%NSPEC_G)
(   18) INTEGER(KIND=JPIM) ,INTENT(IN)  :: KFLD
(   19) REAL(KIND=JPRB)    ,INTENT(OUT) :: PSM(:,:)
(   20) INTEGER(KIND=JPIM) :: JM ,JFLD ,JN ,IM ,ISP
(   21) INTEGER(KIND=JPIM) :: IN,ISPE
(   22) REAL(KIND=JPRB) :: ZHOOK_HANDLE
(   23) 
(   24) !     ------------------------------------------------------------------
(   25) 
(   26) IF (LHOOK) CALL DR_HOOK('ESPNORMD_MOD:ESPNORMD',0,ZHOOK_HANDLE)
(   27) 
(   28) !$OMP PARALLEL DO SCHEDULE(STATIC,1)  PRIVATE(JM,IM,JN,ISP,JFLD,IN,ISPE)
(   29) DO JM=1,D%NUMP
(   30)   PSM(:,JM) = 0.0_JPRB
(   31)   IM = D%MYMS(JM)
(   32) 
(   33)   IN=DALD%NCPL2M(IM)/2 - 1






NVFORTRAN (Version    20.11)          02/16/2022  17:28:06      page 2

(   34)   DO JN=0,IN
(   35)     ISP=DALD%NESM0(IM) + (JN)*4
(   36)     ISPE=DALD%NPME (IM) + JN
(   37)     DO JFLD=1,KFLD
(   38)       PSM(JFLD,JM) =PSM(JFLD,JM)&
(   39)        & + PMET(ISPE) *&
(   40)        & ( PSPEC(JFLD,ISP  )**2 + PSPEC(JFLD,ISP+1)**2 +&
(   41)        & PSPEC(JFLD,ISP+2)**2 + PSPEC(JFLD,ISP+3)**2   )
(   42) 
(   43)     ENDDO
(   44)   ENDDO
(   45) 
(   46) ENDDO
(   47) !$OMP END PARALLEL DO
(   48) 
(   49) IF (LHOOK) CALL DR_HOOK('ESPNORMD_MOD:ESPNORMD',1,ZHOOK_HANDLE)
(   50) 
(   51) !     ------------------------------------------------------------------
(   52) 
(   53) END SUBROUTINE ESPNORMD
(   54) END MODULE ESPNORMD_MOD
(   55) 










































NVFORTRAN (Version    20.11)          02/16/2022  17:28:06      page 3

(    1) # 1 "espnormd_mod.F90"
(    1) MODULE ESPNORMD_MOD
(    2) CONTAINS
(    3) SUBROUTINE ESPNORMD(PSPEC,KFLD,PMET,PSM)
(    4) # 5 "espnormd_mod.F90"
(    5) USE PARKIND1  ,ONLY : JPIM     ,JPRB
(    6) USE YOMHOOK   ,ONLY : LHOOK,   DR_HOOK
(    7) # 8 "espnormd_mod.F90"
(    8) USE TPM_DIM         ,ONLY : R
(    9) USE TPM_DISTR       ,ONLY : D
(   10) # 11 "espnormd_mod.F90"
(   11) USE TPMALD_DISTR    ,ONLY : DALD
(   12) !
(   13) # 14 "espnormd_mod.F90"
(   14) IMPLICIT NONE
(   15) # 16 "espnormd_mod.F90"
(   16) REAL(KIND=JPRB)    ,INTENT(IN)  :: PSPEC(:,:)
(   17) REAL(KIND=JPRB)    ,INTENT(IN)  :: PMET(0:R%NSPEC_G)
(   18) INTEGER(KIND=JPIM) ,INTENT(IN)  :: KFLD
(   19) REAL(KIND=JPRB)    ,INTENT(OUT) :: PSM(:,:)
(   20) INTEGER(KIND=JPIM) :: JM ,JFLD ,JN ,IM ,ISP
(   21) INTEGER(KIND=JPIM) :: IN,ISPE
(   22) REAL(KIND=JPRB) :: ZHOOK_HANDLE
(   23) # 24 "espnormd_mod.F90"
(   24) !     ------------------------------------------------------------------
(   25) # 26 "espnormd_mod.F90"
(   26) IF (LHOOK) CALL DR_HOOK('ESPNORMD_MOD:ESPNORMD',0,ZHOOK_HANDLE)
(   27) # 28 "espnormd_mod.F90"
(   28) !$OMP PARALLEL DO SCHEDULE(STATIC,1)  PRIVATE(JM,IM,JN,ISP,JFLD,IN,ISPE)
(   29) DO JM=1,D%NUMP
(   30)   PSM(:,JM) = 0.0_JPRB
(   31)   IM = D%MYMS(JM)
(   32) # 33 "espnormd_mod.F90"
(   33)   IN=DALD%NCPL2M(IM)/2 - 1
(   34)   DO JN=0,IN
(   35)     ISP=DALD%NESM0(IM) + (JN)*4
(   36)     ISPE=DALD%NPME (IM) + JN
(   37)     DO JFLD=1,KFLD
(   38)       PSM(JFLD,JM) =PSM(JFLD,JM)&
(   39)        & + PMET(ISPE) *&
(   40)        & ( PSPEC(JFLD,ISP  )**2 + PSPEC(JFLD,ISP+1)**2 +&
(   41)        & PSPEC(JFLD,ISP+2)**2 + PSPEC(JFLD,ISP+3)**2   )
(   42) # 43 "espnormd_mod.F90"
(   43)     ENDDO
(   44)   ENDDO
(   45) # 46 "espnormd_mod.F90"
(   46) ENDDO
(   47) !$OMP END PARALLEL DO
(   48) # 49 "espnormd_mod.F90"
(   49) IF (LHOOK) CALL DR_HOOK('ESPNORMD_MOD:ESPNORMD',1,ZHOOK_HANDLE)
(   50) # 51 "espnormd_mod.F90"
(   51) !     ------------------------------------------------------------------
(   52) # 53 "espnormd_mod.F90"
(   53) END SUBROUTINE ESPNORMD
(   54) END MODULE ESPNORMD_MOD
