


NVFORTRAN (Version    20.11)          02/16/2022  17:29:07      page 1

Switches: -noasm -nodclchk -debug -nodlines -line -list
          -idir .D[1]
          -idir .D[2]
          -idir .D[3]
          -idir .D[4]
          -idir .D[5]
          -idir .D[6]
          -idir .D[7]
          -idir .D[8]
          -idir .D[9]
          -idir .D[10]
          -idir .D[11]
          -idir .D[12]
          -idir .D[13]
          -idir .D[14]
          -idir .D[15]
          -idir .D[16]
          -idir .D[17]
          -idir .D[18]
          -idir .D[19]
          -idir /gpfslocalsup/spack_soft/openmpi/4.0.5/nvhpc-20.11-3li3t3xykfzndqfr4oxyhh22iqiendl2/include
          -idir /gpfslocalsup/spack_soft/openmpi/4.0.5/nvhpc-20.11-3li3t3xykfzndqfr4oxyhh22iqiendl2/lib
          -inform severe -opt 2 -nosave -object -noonetrip
          -depchk on -nostandard     
          -symbol -noupcase    

Filename: suefft_mod.F90

(    1) MODULE SUEFFT_MOD
(    2) CONTAINS
(    3) SUBROUTINE SUEFFT
(    4) 
(    5) USE PARKIND1  ,ONLY : JPIM     ,JPRB
(    6) USE YOMHOOK   ,ONLY : LHOOK,   DR_HOOK
(    7) 
(    8) USE TPM_DIM         ,ONLY : R
(    9) USE TPM_GEN         ,ONLY : NOUT, NPRINTLEV
(   10) USE TPM_DISTR       ,ONLY : D, MYSETW
(   11) USE TPM_GEOMETRY    ,ONLY : G
(   12) USE TPM_FFT         ,ONLY : T, TB
(   13) USE TPM_FFTC        ,ONLY : TC, INIT_PLANS_FFT
(   14) #ifdef WITH_FFTW
(   15) USE TPM_FFTW        ,ONLY : TW, INIT_PLANS_FFTW
(   16) #endif
(   17) USE BLUESTEIN_MOD   ,ONLY : BLUESTEIN_INIT, FFTB_TYPE
(   18) !
(   19) 
(   20) USE TPMALD_FFT      ,ONLY : TALD
(   21) !
(   22) 
(   23) IMPLICIT NONE
(   24) 
(   25) INTEGER(KIND=JPIM) :: JGL,IGLG, ILATS
(   26) LOGICAL :: LLP1,LLP2
(   27) REAL(KIND=JPRB) :: ZHOOK_HANDLE
(   28) 
(   29) !     ------------------------------------------------------------------
(   30) 
(   31) IF (LHOOK) CALL DR_HOOK('SUEFFT_MOD:SUEFFT',0,ZHOOK_HANDLE)






NVFORTRAN (Version    20.11)          02/16/2022  17:29:07      page 2

(   32) 
(   33) IF(.NOT.D%LGRIDONLY) THEN
(   34)         
(   35)   LLP1 = NPRINTLEV>0
(   36)   LLP2 = NPRINTLEV>1
(   37)   IF(LLP1) WRITE(NOUT,*) '=== ENTER ROUTINE SUEFFT ==='
(   38) 
(   39) #ifdef WITH_FFTW
(   40)   IF(TW%LFFTW)THEN
(   41)     CALL INIT_PLANS_FFTW(MAX(R%NDLON+R%NNOEXTZL,R%NDGL+R%NNOEXTZG))
(   42)   ELSE
(   43)     NULLIFY(TW%FFTW_PLANS)
(   44)   ENDIF
(   45) #endif
(   46) 
(   47)   CALL INIT_PLANS_FFT(MAX(R%NDLON+R%NNOEXTZL,R%NDGL+R%NNOEXTZG))
(   48) 
(   49)   IF(TALD%LFFT992)THEN
(   50)     ALLOCATE(TALD%TRIGSE(R%NDGL+R%NNOEXTZG))
(   51)     IF(LLP2)WRITE(NOUT,9) 'TALD%TRIGSE    ',SIZE(TALD%TRIGSE),SHAPE(TALD%TRIGSE)
(   52)     ALLOCATE(TALD%NFAXE(19))
(   53)     IF(LLP2)WRITE(NOUT,9) 'TALD%NFAXE    ',SIZE(TALD%NFAXE),SHAPE(TALD%NFAXE)
(   54)     CALL SET99(TALD%TRIGSE,TALD%NFAXE,R%NDGL+R%NNOEXTZG)
(   55)   ENDIF
(   56) 
(   57) ENDIF
(   58) 
(   59) IF (LHOOK) CALL DR_HOOK('SUEFFT_MOD:SUEFFT',1,ZHOOK_HANDLE)
(   60) 
(   61) !     ------------------------------------------------------------------
(   62) 
(   63) 9 FORMAT(1X,'ARRAY ',A10,' ALLOCATED ',8I8)
(   64) 
(   65) END SUBROUTINE SUEFFT
(   66) END MODULE SUEFFT_MOD





























NVFORTRAN (Version    20.11)          02/16/2022  17:29:07      page 3

(    1) # 1 "suefft_mod.F90"
(    1) MODULE SUEFFT_MOD
(    2) CONTAINS
(    3) SUBROUTINE SUEFFT
(    4) # 5 "suefft_mod.F90"
(    5) USE PARKIND1  ,ONLY : JPIM     ,JPRB
(    6) USE YOMHOOK   ,ONLY : LHOOK,   DR_HOOK
(    7) # 8 "suefft_mod.F90"
(    8) USE TPM_DIM         ,ONLY : R
(    9) USE TPM_GEN         ,ONLY : NOUT, NPRINTLEV
(   10) USE TPM_DISTR       ,ONLY : D, MYSETW
(   11) USE TPM_GEOMETRY    ,ONLY : G
(   12) USE TPM_FFT         ,ONLY : T, TB
(   13) USE TPM_FFTC        ,ONLY : TC, INIT_PLANS_FFT
(   14) # 17 "suefft_mod.F90"
(   17) USE BLUESTEIN_MOD   ,ONLY : BLUESTEIN_INIT, FFTB_TYPE
(   18) !
(   19) # 20 "suefft_mod.F90"
(   20) USE TPMALD_FFT      ,ONLY : TALD
(   21) !
(   22) # 23 "suefft_mod.F90"
(   23) IMPLICIT NONE
(   24) # 25 "suefft_mod.F90"
(   25) INTEGER(KIND=JPIM) :: JGL,IGLG, ILATS
(   26) LOGICAL :: LLP1,LLP2
(   27) REAL(KIND=JPRB) :: ZHOOK_HANDLE
(   28) # 29 "suefft_mod.F90"
(   29) !     ------------------------------------------------------------------
(   30) # 31 "suefft_mod.F90"
(   31) IF (LHOOK) CALL DR_HOOK('SUEFFT_MOD:SUEFFT',0,ZHOOK_HANDLE)
(   32) # 33 "suefft_mod.F90"
(   33) IF(.NOT.D%LGRIDONLY) THEN
(   34)         
(   35)   LLP1 = NPRINTLEV>0
(   36)   LLP2 = NPRINTLEV>1
(   37)   IF(LLP1) WRITE(NOUT,*) '=== ENTER ROUTINE SUEFFT ==='
(   38) # 47 "suefft_mod.F90"
(   47)   CALL INIT_PLANS_FFT(MAX(R%NDLON+R%NNOEXTZL,R%NDGL+R%NNOEXTZG))
(   48) # 49 "suefft_mod.F90"
(   49)   IF(TALD%LFFT992)THEN
(   50)     ALLOCATE(TALD%TRIGSE(R%NDGL+R%NNOEXTZG))
(   51)     IF(LLP2)WRITE(NOUT,9) 'TALD%TRIGSE    ',SIZE(TALD%TRIGSE),SHAPE(TALD%TRIGSE)
(   52)     ALLOCATE(TALD%NFAXE(19))
(   53)     IF(LLP2)WRITE(NOUT,9) 'TALD%NFAXE    ',SIZE(TALD%NFAXE),SHAPE(TALD%NFAXE)
(   54)     CALL SET99(TALD%TRIGSE,TALD%NFAXE,R%NDGL+R%NNOEXTZG)
(   55)   ENDIF
(   56) # 57 "suefft_mod.F90"
(   57) ENDIF
(   58) # 59 "suefft_mod.F90"
(   59) IF (LHOOK) CALL DR_HOOK('SUEFFT_MOD:SUEFFT',1,ZHOOK_HANDLE)
(   60) # 61 "suefft_mod.F90"
(   61) !     ------------------------------------------------------------------
(   62) # 63 "suefft_mod.F90"
(   63) 9 FORMAT(1X,'ARRAY ',A10,' ALLOCATED ',8I8)
(   64) # 65 "suefft_mod.F90"
(   65) END SUBROUTINE SUEFFT
(   66) END MODULE SUEFFT_MOD
