


NVFORTRAN (Version    20.11)          02/16/2022  17:27:39      page 1

Switches: -noasm -nodclchk -debug -nodlines -line -list
          -idir .D[1]
          -idir .D[2]
          -idir .D[3]
          -idir .D[4]
          -idir .D[5]
          -idir .D[6]
          -idir .D[7]
          -idir .D[8]
          -idir .D[9]
          -idir .D[10]
          -idir .D[11]
          -idir .D[12]
          -idir .D[13]
          -idir .D[14]
          -idir .D[15]
          -idir .D[16]
          -idir .D[17]
          -idir /gpfslocalsup/spack_soft/openmpi/4.0.5/nvhpc-20.11-3li3t3xykfzndqfr4oxyhh22iqiendl2/include
          -idir /gpfslocalsup/spack_soft/openmpi/4.0.5/nvhpc-20.11-3li3t3xykfzndqfr4oxyhh22iqiendl2/lib
          -inform severe -opt 2 -nosave -object -noonetrip
          -depchk on -nostandard     
          -symbol -noupcase    

Filename: tpmald_distr.F90

(    1) MODULE TPMALD_DISTR
(    2) 
(    3) ! Module for distributed memory environment.
(    4) 
(    5) USE PARKIND1  ,ONLY : JPIM     ,JPRB
(    6) 
(    7) IMPLICIT NONE
(    8) 
(    9) SAVE
(   10) 
(   11) TYPE ALDDISTR_TYPE
(   12) 
(   13) INTEGER(KIND=JPIM) ,POINTER :: NESM0(:)  ! Address in a spectral array of (m, n=m)
(   14) INTEGER(KIND=JPIM) ,POINTER :: NCPL2M(:) ! Number of complex Laplace coefficient for m given
(   15) INTEGER(KIND=JPIM) ,POINTER :: NPME(:)   ! Address for the Laplace operator and its inverse
(   16) 
(   17) END TYPE ALDDISTR_TYPE
(   18) 
(   19) TYPE(ALDDISTR_TYPE),ALLOCATABLE,TARGET :: ALDDISTR_RESOL(:)
(   20) TYPE(ALDDISTR_TYPE),POINTER     :: DALD
(   21) 
(   22) INTEGER(KIND=JPIM), ALLOCATABLE :: DALD_NESM0  (:)
(   23) INTEGER(KIND=JPIM), ALLOCATABLE :: DALD_NCPL2M (:)
(   24) INTEGER(KIND=JPIM), ALLOCATABLE :: DALD_NPME   (:)
(   25) 
(   26) END MODULE TPMALD_DISTR
(   27) 












NVFORTRAN (Version    20.11)          02/16/2022  17:27:39      page 2

(    1) # 1 "tpmald_distr.F90"
(    1) MODULE TPMALD_DISTR
(    2) # 3 "tpmald_distr.F90"
(    3) ! Module for distributed memory environment.
(    4) # 5 "tpmald_distr.F90"
(    5) USE PARKIND1  ,ONLY : JPIM     ,JPRB
(    6) # 7 "tpmald_distr.F90"
(    7) IMPLICIT NONE
(    8) # 9 "tpmald_distr.F90"
(    9) SAVE
(   10) # 11 "tpmald_distr.F90"
(   11) TYPE ALDDISTR_TYPE
(   12) # 13 "tpmald_distr.F90"
(   13) INTEGER(KIND=JPIM) ,POINTER :: NESM0(:)  ! Address in a spectral array of (m, n=m)
(   14) INTEGER(KIND=JPIM) ,POINTER :: NCPL2M(:) ! Number of complex Laplace coefficient for m given
(   15) INTEGER(KIND=JPIM) ,POINTER :: NPME(:)   ! Address for the Laplace operator and its inverse
(   16) # 17 "tpmald_distr.F90"
(   17) END TYPE ALDDISTR_TYPE
(   18) # 19 "tpmald_distr.F90"
(   19) TYPE(ALDDISTR_TYPE),ALLOCATABLE,TARGET :: ALDDISTR_RESOL(:)
(   20) TYPE(ALDDISTR_TYPE),POINTER     :: DALD
(   21) # 22 "tpmald_distr.F90"
(   22) INTEGER(KIND=JPIM), ALLOCATABLE :: DALD_NESM0  (:)
(   23) INTEGER(KIND=JPIM), ALLOCATABLE :: DALD_NCPL2M (:)
(   24) INTEGER(KIND=JPIM), ALLOCATABLE :: DALD_NPME   (:)
(   25) # 26 "tpmald_distr.F90"
(   26) END MODULE TPMALD_DISTR
