


NVFORTRAN (Version    20.11)          02/16/2022  17:27:40      page 1

Switches: -noasm -nodclchk -debug -nodlines -line -list
          -idir .D[1]
          -idir .D[2]
          -idir .D[3]
          -idir .D[4]
          -idir .D[5]
          -idir .D[6]
          -idir .D[7]
          -idir .D[8]
          -idir .D[9]
          -idir .D[10]
          -idir .D[11]
          -idir .D[12]
          -idir .D[13]
          -idir .D[14]
          -idir .D[15]
          -idir .D[16]
          -idir .D[17]
          -idir /gpfslocalsup/spack_soft/openmpi/4.0.5/nvhpc-20.11-3li3t3xykfzndqfr4oxyhh22iqiendl2/include
          -idir /gpfslocalsup/spack_soft/openmpi/4.0.5/nvhpc-20.11-3li3t3xykfzndqfr4oxyhh22iqiendl2/lib
          -inform severe -opt 2 -nosave -object -noonetrip
          -depchk on -nostandard     
          -symbol -noupcase    

Filename: tpmald_dim.F90

(    1) MODULE TPMALD_DIM
(    2) 
(    3) ! Module for dimensions.
(    4) 
(    5) USE PARKIND1  ,ONLY : JPIM     ,JPRB
(    6) 
(    7) IMPLICIT NONE
(    8) 
(    9) SAVE
(   10) 
(   11) TYPE ALDDIM_TYPE
(   12) 
(   13) ! COLLOCATION GRID DIMENSIONS
(   14)   
(   15) INTEGER(KIND=JPIM) :: NDGLSUR       ! Number of rows of latitudes+...
(   16) INTEGER(KIND=JPIM) :: NMSMAX        ! Zonal truncation
(   17) INTEGER(KIND=JPIM) :: NDGUX         ! Number of rows in zone C+I
(   18) END TYPE ALDDIM_TYPE
(   19) 
(   20) TYPE(ALDDIM_TYPE),ALLOCATABLE,TARGET :: ALDDIM_RESOL(:)
(   21) TYPE(ALDDIM_TYPE),POINTER     :: RALD
(   22) 
(   23) END MODULE TPMALD_DIM
















NVFORTRAN (Version    20.11)          02/16/2022  17:27:40      page 2

(    1) # 1 "tpmald_dim.F90"
(    1) MODULE TPMALD_DIM
(    2) # 3 "tpmald_dim.F90"
(    3) ! Module for dimensions.
(    4) # 5 "tpmald_dim.F90"
(    5) USE PARKIND1  ,ONLY : JPIM     ,JPRB
(    6) # 7 "tpmald_dim.F90"
(    7) IMPLICIT NONE
(    8) # 9 "tpmald_dim.F90"
(    9) SAVE
(   10) # 11 "tpmald_dim.F90"
(   11) TYPE ALDDIM_TYPE
(   12) # 13 "tpmald_dim.F90"
(   13) ! COLLOCATION GRID DIMENSIONS
(   14)   
(   15) INTEGER(KIND=JPIM) :: NDGLSUR       ! Number of rows of latitudes+...
(   16) INTEGER(KIND=JPIM) :: NMSMAX        ! Zonal truncation
(   17) INTEGER(KIND=JPIM) :: NDGUX         ! Number of rows in zone C+I
(   18) END TYPE ALDDIM_TYPE
(   19) # 20 "tpmald_dim.F90"
(   20) TYPE(ALDDIM_TYPE),ALLOCATABLE,TARGET :: ALDDIM_RESOL(:)
(   21) TYPE(ALDDIM_TYPE),POINTER     :: RALD
(   22) # 23 "tpmald_dim.F90"
(   23) END MODULE TPMALD_DIM
