


NVFORTRAN (Version    20.11)          02/16/2022  17:27:45      page 1

Switches: -noasm -nodclchk -debug -nodlines -line -list
          -idir .D[1]
          -idir .D[2]
          -idir .D[3]
          -idir .D[4]
          -idir .D[5]
          -idir .D[6]
          -idir .D[7]
          -idir .D[8]
          -idir .D[9]
          -idir .D[10]
          -idir .D[11]
          -idir .D[12]
          -idir .D[13]
          -idir .D[14]
          -idir .D[15]
          -idir .D[16]
          -idir .D[17]
          -idir /gpfslocalsup/spack_soft/openmpi/4.0.5/nvhpc-20.11-3li3t3xykfzndqfr4oxyhh22iqiendl2/include
          -idir /gpfslocalsup/spack_soft/openmpi/4.0.5/nvhpc-20.11-3li3t3xykfzndqfr4oxyhh22iqiendl2/lib
          -inform severe -opt 2 -nosave -object -noonetrip
          -depchk on -nostandard     
          -symbol -noupcase    

Filename: gpu_bind_jz.F90

(    1) SUBROUTINE GPU_BIND_JZ 
(    2) 
(    3) #ifdef _OPENACC
(    4) USE OPENACC
(    5) #endif
(    6) USE PARKIND1, ONLY : JPIM
(    7) 
(    8) IMPLICIT NONE
(    9) 
(   10) INTEGER (KIND=JPIM) :: NDEV, IDEV, IDTY
(   11) 
(   12) #ifdef _OPENACC
(   13) 
(   14) BLOCK
(   15)   CHARACTER*32 :: CLSLURM_LOCALID
(   16)   INTEGER :: ISLURM_LOCALID, IDEVTYPE, INUMDEVS
(   17)   IDEVTYPE = ACC_DEVICE_NVIDIA
(   18)   !$acc init
(   19)   CALL GETENV ('SLURM_LOCALID', CLSLURM_LOCALID)
(   20)   INUMDEVS = ACC_GET_NUM_DEVICES (IDEVTYPE)
(   21)   IF (CLSLURM_LOCALID == '') CLSLURM_LOCALID = '0'
(   22)   READ (CLSLURM_LOCALID, *) , ISLURM_LOCALID
(   23)   CALL ACC_SET_DEVICE_NUM (MOD (ISLURM_LOCALID, INUMDEVS), ACC_GET_DEVICE_TYPE ())
(   24) ENDBLOCK
(   25) 
(   26) #endif
(   27) 
(   28) END SUBROUTINE











NVFORTRAN (Version    20.11)          02/16/2022  17:27:45      page 2

(    1) # 1 "gpu_bind_jz.F90"
(    1) SUBROUTINE GPU_BIND_JZ 
(    2) # 4 "gpu_bind_jz.F90"
(    4) USE OPENACC
(    5) # 6 "gpu_bind_jz.F90"
(    6) USE PARKIND1, ONLY : JPIM
(    7) # 8 "gpu_bind_jz.F90"
(    8) IMPLICIT NONE
(    9) # 10 "gpu_bind_jz.F90"
(   10) INTEGER (KIND=JPIM) :: NDEV, IDEV, IDTY
(   11) # 14 "gpu_bind_jz.F90"
(   14) BLOCK
(   15)   CHARACTER*32 :: CLSLURM_LOCALID
(   16)   INTEGER :: ISLURM_LOCALID, IDEVTYPE, INUMDEVS
(   17)   IDEVTYPE = ACC_DEVICE_NVIDIA
(   18)   !$acc init
(   19)   CALL GETENV ('SLURM_LOCALID', CLSLURM_LOCALID)
(   20)   INUMDEVS = ACC_GET_NUM_DEVICES (IDEVTYPE)
(   21)   IF (CLSLURM_LOCALID == '') CLSLURM_LOCALID = '0'
(   22)   READ (CLSLURM_LOCALID, *) , ISLURM_LOCALID
(   23)   CALL ACC_SET_DEVICE_NUM (MOD (ISLURM_LOCALID, INUMDEVS), ACC_GET_DEVICE_TYPE ())
(   24) ENDBLOCK
(   25) # 28 "gpu_bind_jz.F90"
(   28) END SUBROUTINE
