


NVFORTRAN (Version    20.11)          02/16/2022  17:28:51      page 1

Switches: -noasm -nodclchk -debug -nodlines -line -list
          -idir .D[1]
          -idir .D[2]
          -idir .D[3]
          -idir .D[4]
          -idir .D[5]
          -idir .D[6]
          -idir .D[7]
          -idir .D[8]
          -idir .D[9]
          -idir .D[10]
          -idir .D[11]
          -idir .D[12]
          -idir .D[13]
          -idir .D[14]
          -idir .D[15]
          -idir .D[16]
          -idir .D[17]
          -idir /gpfslocalsup/spack_soft/openmpi/4.0.5/nvhpc-20.11-3li3t3xykfzndqfr4oxyhh22iqiendl2/include
          -idir /gpfslocalsup/spack_soft/openmpi/4.0.5/nvhpc-20.11-3li3t3xykfzndqfr4oxyhh22iqiendl2/lib
          -inform severe -opt 2 -nosave -object -noonetrip
          -depchk on -nostandard     
          -symbol -noupcase    

Filename: get_proc_id.F90

(    1) FUNCTION GET_PROC_ID() RESULT(PID)
(    2) 
(    3) USE PARKIND1  ,ONLY : JPIM
(    4) USE MPL_MODULE, ONLY : MPL_RANK
(    5) IMPLICIT NONE
(    6) INTEGER(KIND=JPIM) :: PID
(    7) PID = MPL_RANK
(    8) 
(    9) END FUNCTION GET_PROC_ID






























NVFORTRAN (Version    20.11)          02/16/2022  17:28:51      page 2

(    1) # 1 "get_proc_id.F90"
(    1) FUNCTION GET_PROC_ID() RESULT(PID)
(    2) # 3 "get_proc_id.F90"
(    3) USE PARKIND1  ,ONLY : JPIM
(    4) USE MPL_MODULE, ONLY : MPL_RANK
(    5) IMPLICIT NONE
(    6) INTEGER(KIND=JPIM) :: PID
(    7) PID = MPL_RANK
(    8) # 9 "get_proc_id.F90"
(    9) END FUNCTION GET_PROC_ID
